<?xml version="1.0" encoding="UTF-8"?>
<!-- Generated by org.testng.reporters.JUnitXMLReporter -->
<testsuite ignored="0" hostname="C102" failures="11" tests="159" name="Test" time="6303.96" errors="0" timestamp="2024-05-03T19:09:59 IST">
  <testcase classname="SwimPay.testComponents.baseClass" name="@BeforeMethod lanuchWebsite" time="1.913">
    <failure type="org.openqa.selenium.WebDriverException" message="no such execution context
  (Session info: chrome=124.0.6367.119)
Build info: version: &amp;apos;4.20.0&amp;apos;, revision: &amp;apos;866c76ca80&amp;apos;
System info: os.name: &amp;apos;Windows 10&amp;apos;, os.arch: &amp;apos;amd64&amp;apos;, os.version: &amp;apos;10.0&amp;apos;, java.version: &amp;apos;17.0.10&amp;apos;
Driver info: org.openqa.selenium.chrome.ChromeDriver
Command: [39cb67e596c87d4233577dcfa5c5f751, maximizeCurrentWindow {}]
Capabilities {acceptInsecureCerts: false, browserName: chrome, browserVersion: 124.0.6367.119, chrome: {chromedriverVersion: 124.0.6367.91 (51df0e5e17a8..., userDataDir: C:\Users\pgargi\AppData\Loc...}, fedcm:accounts: true, goog:chromeOptions: {debuggerAddress: localhost:52391}, networkConnectionEnabled: false, pageLoadStrategy: normal, platformName: windows, proxy: Proxy(), se:cdp: ws://localhost:52391/devtoo..., se:cdpVersion: 124.0.6367.119, setWindowRect: true, strictFileInteractability: false, timeouts: {implicit: 0, pageLoad: 300000, script: 30000}, unhandledPromptBehavior: dismiss and notify, webauthn:extension:credBlob: true, webauthn:extension:largeBlob: true, webauthn:extension:minPinLength: true, webauthn:extension:prf: true, webauthn:virtualAuthenticators: true}
Session ID: 39cb67e596c87d4233577dcfa5c5f751">
      <![CDATA[org.openqa.selenium.WebDriverException: no such execution context
  (Session info: chrome=124.0.6367.119)
Build info: version: '4.20.0', revision: '866c76ca80'
System info: os.name: 'Windows 10', os.arch: 'amd64', os.version: '10.0', java.version: '17.0.10'
Driver info: org.openqa.selenium.chrome.ChromeDriver
Command: [39cb67e596c87d4233577dcfa5c5f751, maximizeCurrentWindow {}]
Capabilities {acceptInsecureCerts: false, browserName: chrome, browserVersion: 124.0.6367.119, chrome: {chromedriverVersion: 124.0.6367.91 (51df0e5e17a8..., userDataDir: C:\Users\pgargi\AppData\Loc...}, fedcm:accounts: true, goog:chromeOptions: {debuggerAddress: localhost:52391}, networkConnectionEnabled: false, pageLoadStrategy: normal, platformName: windows, proxy: Proxy(), se:cdp: ws://localhost:52391/devtoo..., se:cdpVersion: 124.0.6367.119, setWindowRect: true, strictFileInteractability: false, timeouts: {implicit: 0, pageLoad: 300000, script: 30000}, unhandledPromptBehavior: dismiss and notify, webauthn:extension:credBlob: true, webauthn:extension:largeBlob: true, webauthn:extension:minPinLength: true, webauthn:extension:prf: true, webauthn:virtualAuthenticators: true}
Session ID: 39cb67e596c87d4233577dcfa5c5f751
at org.openqa.selenium.remote.ErrorCodec.decode(ErrorCodec.java:167)
at org.openqa.selenium.remote.codec.w3c.W3CHttpResponseCodec.decode(W3CHttpResponseCodec.java:138)
at org.openqa.selenium.remote.codec.w3c.W3CHttpResponseCodec.decode(W3CHttpResponseCodec.java:50)
at org.openqa.selenium.remote.HttpCommandExecutor.execute(HttpCommandExecutor.java:190)
at org.openqa.selenium.remote.service.DriverCommandExecutor.invokeExecute(DriverCommandExecutor.java:216)
at org.openqa.selenium.remote.service.DriverCommandExecutor.execute(DriverCommandExecutor.java:174)
at org.openqa.selenium.remote.RemoteWebDriver.execute(RemoteWebDriver.java:518)
at org.openqa.selenium.remote.RemoteWebDriver.execute(RemoteWebDriver.java:591)
at org.openqa.selenium.remote.RemoteWebDriver.execute(RemoteWebDriver.java:595)
at org.openqa.selenium.remote.RemoteWebDriver$RemoteWebDriverOptions$RemoteWindow.maximize(RemoteWebDriver.java:1034)
at SwimPay.testComponents.baseClass.invokeDriver(baseClass.java:40)
at SwimPay.testComponents.baseClass.lanuchWebsite(baseClass.java:47)
at java.base/java.util.ArrayList.forEach(ArrayList.java:1511)
... Removed 35 stack frames]]>
    </failure>
  </testcase> <!-- @BeforeMethod lanuchWebsite -->
  <testcase classname="SwimPay.testComponents.baseClass" name="@AfterMethod tearDown" time="-1.71474202471E9">
    <skipped/>
  </testcase> <!-- @AfterMethod tearDown -->
  <testcase classname="SwimPay.testComponents.baseClass" name="@AfterMethod tearDown" time="-1.714742028975E9">
    <skipped/>
  </testcase> <!-- @AfterMethod tearDown -->
  <testcase classname="SwimPay.testComponents.baseClass" name="@AfterMethod tearDown" time="-1.714742033246E9">
    <skipped/>
  </testcase> <!-- @AfterMethod tearDown -->
  <testcase classname="SwimPay.testComponents.baseClass" name="@AfterMethod tearDown" time="-1.71474203794E9">
    <skipped/>
  </testcase> <!-- @AfterMethod tearDown -->
  <testcase classname="SwimPay.testComponents.baseClass" name="@AfterMethod tearDown" time="-1.714742063027E9">
    <skipped/>
  </testcase> <!-- @AfterMethod tearDown -->
  <testcase classname="SwimPay.testComponents.baseClass" name="@AfterMethod tearDown" time="-1.714742069346E9">
    <skipped/>
  </testcase> <!-- @AfterMethod tearDown -->
  <testcase classname="SwimPay.testComponents.baseClass" name="@AfterMethod tearDown" time="-1.714742073568E9">
    <skipped/>
  </testcase> <!-- @AfterMethod tearDown -->
  <testcase classname="SwimPay.testComponents.baseClass" name="@AfterMethod tearDown" time="-1.714742081189E9">
    <skipped/>
  </testcase> <!-- @AfterMethod tearDown -->
  <testcase classname="SwimPay.testComponents.baseClass" name="@AfterMethod tearDown" time="-1.714742087143E9">
    <skipped/>
  </testcase> <!-- @AfterMethod tearDown -->
  <testcase classname="SwimPay.testComponents.baseClass" name="@AfterMethod tearDown" time="-1.714742093992E9">
    <skipped/>
  </testcase> <!-- @AfterMethod tearDown -->
  <testcase classname="SwimPay.testComponents.baseClass" name="@AfterMethod tearDown" time="-1.71474210007E9">
    <skipped/>
  </testcase> <!-- @AfterMethod tearDown -->
  <testcase classname="SwimPay.positiveTests.forgot_resetPassword" name="clickForgotPasswordOpt" time="4.182"/>
  <testcase classname="SwimPay.positiveTests.forgot_resetPassword" name="submitForgotPasswordEmail" time="10.857"/>
  <testcase classname="SwimPay.positiveTests.forgot_resetPassword" name="ResetPassword" time="11.445"/>
  <testcase classname="SwimPay.positiveTests.forgot_resetPassword" name="backToLoginPageFromForgotPasswordPage" time="4.132"/>
  <testcase classname="SwimPay.negativeTests.negativePassword" name="invalidEmailSubmit" time="3.168"/>
  <testcase classname="SwimPay.negativeTests.negativePassword" name="invalidPasswordValueRangeFormat" time="6.236"/>
  <testcase classname="SwimPay.negativeTests.negativePassword" name="misMatchNew_ConfirmPasswordValue" time="3.42"/>
  <testcase classname="SwimPay.negativeTests.negativePassword" name="wrongOTP_for_forgotPasswordEmail_Submit" time="2.888"/>
  <testcase classname="SwimPay.negativeTests.negativePassword" name="resetPassword_withWhiteSpaceData" time="3.626"/>
  <testcase classname="SwimPay.positiveTests.Search" name="clickOnSearch" time="6.56"/>
  <testcase classname="SwimPay.positiveTests.Search" name="SearchConversionByReferenceNumber" time="21.648"/>
  <testcase classname="SwimPay.positiveTests.Search" name="SearchConversionByStatus" time="15.177"/>
  <testcase classname="SwimPay.positiveTests.Search" name="resetFilter_whileNoFiltersApplied" time="9.978"/>
  <testcase classname="SwimPay.positiveTests.Search" name="applyFilers_resetFilters" time="26.17"/>
  <testcase classname="SwimPay.positiveTests.Search" name="soldFrom_ToBaughtCurrency" time="70.906"/>
  <testcase classname="SwimPay.positiveTests.Search" name="conversionData_minimumSold" time="13.54"/>
  <testcase classname="SwimPay.positiveTests.Search" name="conversionData_MaximumSold" time="15.186"/>
  <testcase classname="SwimPay.positiveTests.Search" name="conversionData_minMaxSold" time="14.012"/>
  <testcase classname="SwimPay.positiveTests.Search" name="conversion_minBaught" time="16.167"/>
  <testcase classname="SwimPay.positiveTests.Search" name="conversion_maxBaught" time="16.298"/>
  <testcase classname="SwimPay.positiveTests.Search" name="coversion_minMaxBaught" time="16.953"/>
  <testcase classname="SwimPay.positiveTests.Search" name="conversion_minMax_soldBaught" time="15.228"/>
  <testcase classname="SwimPay.positiveTests.Search" name="searchPayment" time="7.307"/>
  <testcase classname="SwimPay.positiveTests.Search" name="searchPaymentBYReferenceNumber" time="23.723"/>
  <testcase classname="SwimPay.positiveTests.Search" name="searchPaymentByDateType" time="12.976"/>
  <testcase classname="SwimPay.positiveTests.Search" name="searchPaymentByStatus" time="14.759"/>
  <testcase classname="SwimPay.positiveTests.Search" name="searchPaymentByMinAmmount" time="13.319"/>
  <testcase classname="SwimPay.positiveTests.Search" name="searchPaymentByMaxAmount" time="14.452"/>
  <testcase classname="SwimPay.positiveTests.Search" name="searchPaymentByMinMaxAmount" time="14.249"/>
  <testcase classname="SwimPay.positiveTests.Search" name="searchPaymentByCurrency" time="14.215"/>
  <testcase classname="SwimPay.positiveTests.Search" name="searchPaymentByFilters" time="15.071"/>
  <testcase classname="SwimPay.positiveTests.Search" name="searchTransactionOption" time="6.693"/>
  <testcase classname="SwimPay.positiveTests.Search" name="searchTransactionByReferecneNumber" time="18.884"/>
  <testcase classname="SwimPay.positiveTests.Search" name="searchTransactionByDateType" time="13.243"/>
  <testcase classname="SwimPay.positiveTests.Search" name="searchTransactionByStatusFilter" time="13.894"/>
  <testcase classname="SwimPay.positiveTests.Search" name="searchTransactionByMinAmount" time="19.057"/>
  <testcase classname="SwimPay.positiveTests.Search" name="searchTransactionByMaxAmount" time="18.988"/>
  <testcase classname="SwimPay.positiveTests.Search" name="searchTransactionnByMinMaxAmount" time="13.796"/>
  <testcase classname="SwimPay.positiveTests.Search" name="searchTranactionByCurrencyType" time="14.699"/>
  <testcase classname="SwimPay.positiveTests.userLogin_logout" name="userLogin" time="9.903"/>
  <testcase classname="SwimPay.positiveTests.userLogin_logout" name="userLogin_Logout" time="4.728"/>
  <testcase classname="SwimPay.positiveTests.userLogin_logout" name="backToEmailfromPasswordpage" time="9.581"/>
  <testcase classname="SwimPay.positiveTests.userLogin_logout" name="showHidePassword" time="3.48"/>
  <testcase classname="SwimPay.negativeTests.negativeLogin" name="invalidUserEmailLogin" time="1.639"/>
  <testcase classname="SwimPay.negativeTests.negativeLogin" name="invalidUserPasswordLogin" time="2.304"/>
  <testcase classname="SwimPay.negativeTests.negativeLogin" name="blankEmailSubmit" time="4.17"/>
  <testcase classname="SwimPay.negativeTests.negativeLogin" name="sensativeEmailLogin" time="6.612"/>
  <testcase classname="SwimPay.negativeTests.negativeLogin" name="invalid_OTP_userLogin" time="95.073"/>
  <testcase classname="SwimPay.negativeTests.SignUp" name="submitOnboardingAccount" time="5.184"/>
  <testcase classname="SwimPay.negativeTests.SignUp" name="submitBlankOnBoardingAccount" time="4.669"/>
  <testcase classname="SwimPay.negativeTests.SignUp" name="submitOnboarding_with_Nonformat" time="4.044"/>
  <testcase classname="SwimPay.positiveTests.Bulk_Payment" name="Bulkpaymentformenu" time="6.036"/>
  <testcase classname="SwimPay.positiveTests.Bulk_Payment" name="Referencenumber" time="22.731"/>
  <testcase classname="SwimPay.positiveTests.Bulk_Payment" name="FromDateCalendar" time="35.118"/>
  <testcase classname="SwimPay.positiveTests.Bulk_Payment" name="StatusField" time="22.735"/>
  <testcase classname="SwimPay.positiveTests.Bulk_Payment" name="PageArrowbutton" time="6.444"/>
  <testcase classname="SwimPay.positiveTests.Bulk_Payment" name="SearchButton" time="26.333"/>
  <testcase classname="SwimPay.positiveTests.Bulk_Payment" name="ExternalPayment" time="6.232"/>
  <testcase classname="SwimPay.positiveTests.Bulk_Payment" name="Amountpay" time="22.245"/>
  <testcase classname="SwimPay.positiveTests.Bulk_Payment" name="AlternativeCurrencyOpt" time="26.032"/>
  <testcase classname="SwimPay.positiveTests.Bulk_Payment" name="GetRate" time="26.132"/>
  <testcase classname="SwimPay.positiveTests.Bulk_Payment" name="Cancel" time="36.653"/>
  <testcase classname="SwimPay.positiveTests.Bulk_Payment" name="Accpect" time="46.569"/>
  <testcase classname="SwimPay.positiveTests.Bulk_Payment" name="mandatoryreference" time="45.072"/>
  <testcase classname="SwimPay.positiveTests.Bulk_Payment" name="ReasonCode" time="38.788"/>
  <testcase classname="SwimPay.positiveTests.Bulk_Payment" name="Multipay" time="44.055"/>
  <testcase classname="SwimPay.positiveTests.Bulk_Payment" name="MultipayAmount" time="64.601"/>
  <testcase classname="SwimPay.positiveTests.Bulk_Payment" name="PaynowCalncel" time="44.633"/>
  <testcase classname="SwimPay.positiveTests.Bulk_Payment" name="PaynowVerify" time="37.659"/>
  <testcase classname="SwimPay.positiveTests.Bulk_Payment" name="PayLetter" time="38.048"/>
  <testcase classname="SwimPay.positiveTests.Bulk_Payment" name="Pay" time="43.967"/>
  <testcase classname="SwimPay.positiveTests.Bulk_Payment" name="cancelbutton" time="16.112"/>
  <testcase classname="SwimPay.positiveTests.Bulk_Payment" name="WalletToWalletPayment" time="7.927"/>
  <testcase classname="SwimPay.positiveTests.Bulk_Payment" name="Paymentcurrency" time="12.601"/>
  <testcase classname="SwimPay.positiveTests.Bulk_Payment" name="AmountPay" time="16.499"/>
  <testcase classname="SwimPay.positiveTests.Bulk_Payment" name="Mandatoryreference" time="20.798"/>
  <testcase classname="SwimPay.positiveTests.Bulk_Payment" name="referenceCode" time="16.718"/>
  <testcase classname="SwimPay.positiveTests.Bulk_Payment" name="PayIn" time="20.061"/>
  <testcase classname="SwimPay.positiveTests.Bulk_Payment" name="PayInCalcelbutton" time="21.449"/>
  <testcase classname="SwimPay.positiveTests.Bulk_Payment" name="PayLaterButton1" time="21.155"/>
  <testcase classname="SwimPay.positiveTests.Bulk_Payment" name="Cancelbutton" time="17.439"/>
  <testcase classname="SwimPay.negativeTests.negativeBulkPayment" name="InvalidReferencenumber" time="12.609"/>
  <testcase classname="SwimPay.negativeTests.negativeBulkPayment" name="PopUpMesaageCancle" time="77.527">
    <failure type="org.openqa.selenium.NoSuchElementException" message="no such element: Unable to locate element: {&amp;quot;method&amp;quot;:&amp;quot;xpath&amp;quot;,&amp;quot;selector&amp;quot;:&amp;quot;//*[@role=&amp;apos;dialog&amp;apos;]/div[2]/button[2]&amp;quot;}
  (Session info: chrome=124.0.6367.119)
For documentation on this error, please visit: https://www.selenium.dev/documentation/webdriver/troubleshooting/errors#no-such-element-exception
Build info: version: &amp;apos;4.20.0&amp;apos;, revision: &amp;apos;866c76ca80&amp;apos;
System info: os.name: &amp;apos;Windows 10&amp;apos;, os.arch: &amp;apos;amd64&amp;apos;, os.version: &amp;apos;10.0&amp;apos;, java.version: &amp;apos;17.0.10&amp;apos;
Driver info: org.openqa.selenium.chrome.ChromeDriver
Command: [939efd83ff171b21756d954632d1cb8e, findElement {using=xpath, value=//*[@role=&amp;apos;dialog&amp;apos;]/div[2]/button[2]}]
Capabilities {acceptInsecureCerts: false, browserName: chrome, browserVersion: 124.0.6367.119, chrome: {chromedriverVersion: 124.0.6367.91 (51df0e5e17a8..., userDataDir: C:\Users\pgargi\AppData\Loc...}, fedcm:accounts: true, goog:chromeOptions: {debuggerAddress: localhost:50968}, networkConnectionEnabled: false, pageLoadStrategy: normal, platformName: windows, proxy: Proxy(), se:cdp: ws://localhost:50968/devtoo..., se:cdpVersion: 124.0.6367.119, setWindowRect: true, strictFileInteractability: false, timeouts: {implicit: 0, pageLoad: 300000, script: 30000}, unhandledPromptBehavior: dismiss and notify, webauthn:extension:credBlob: true, webauthn:extension:largeBlob: true, webauthn:extension:minPinLength: true, webauthn:extension:prf: true, webauthn:virtualAuthenticators: true}
Session ID: 939efd83ff171b21756d954632d1cb8e">
      <![CDATA[org.openqa.selenium.NoSuchElementException: no such element: Unable to locate element: {"method":"xpath","selector":"//*[@role='dialog']/div[2]/button[2]"}
  (Session info: chrome=124.0.6367.119)
For documentation on this error, please visit: https://www.selenium.dev/documentation/webdriver/troubleshooting/errors#no-such-element-exception
Build info: version: '4.20.0', revision: '866c76ca80'
System info: os.name: 'Windows 10', os.arch: 'amd64', os.version: '10.0', java.version: '17.0.10'
Driver info: org.openqa.selenium.chrome.ChromeDriver
Command: [939efd83ff171b21756d954632d1cb8e, findElement {using=xpath, value=//*[@role='dialog']/div[2]/button[2]}]
Capabilities {acceptInsecureCerts: false, browserName: chrome, browserVersion: 124.0.6367.119, chrome: {chromedriverVersion: 124.0.6367.91 (51df0e5e17a8..., userDataDir: C:\Users\pgargi\AppData\Loc...}, fedcm:accounts: true, goog:chromeOptions: {debuggerAddress: localhost:50968}, networkConnectionEnabled: false, pageLoadStrategy: normal, platformName: windows, proxy: Proxy(), se:cdp: ws://localhost:50968/devtoo..., se:cdpVersion: 124.0.6367.119, setWindowRect: true, strictFileInteractability: false, timeouts: {implicit: 0, pageLoad: 300000, script: 30000}, unhandledPromptBehavior: dismiss and notify, webauthn:extension:credBlob: true, webauthn:extension:largeBlob: true, webauthn:extension:minPinLength: true, webauthn:extension:prf: true, webauthn:virtualAuthenticators: true}
Session ID: 939efd83ff171b21756d954632d1cb8e
at org.openqa.selenium.remote.ErrorCodec.decode(ErrorCodec.java:167)
at org.openqa.selenium.remote.codec.w3c.W3CHttpResponseCodec.decode(W3CHttpResponseCodec.java:138)
at org.openqa.selenium.remote.codec.w3c.W3CHttpResponseCodec.decode(W3CHttpResponseCodec.java:50)
at org.openqa.selenium.remote.HttpCommandExecutor.execute(HttpCommandExecutor.java:190)
at org.openqa.selenium.remote.service.DriverCommandExecutor.invokeExecute(DriverCommandExecutor.java:216)
at org.openqa.selenium.remote.service.DriverCommandExecutor.execute(DriverCommandExecutor.java:174)
at org.openqa.selenium.remote.RemoteWebDriver.execute(RemoteWebDriver.java:518)
at org.openqa.selenium.remote.ElementLocation$ElementFinder$2.findElement(ElementLocation.java:165)
at org.openqa.selenium.remote.ElementLocation.findElement(ElementLocation.java:59)
at org.openqa.selenium.remote.RemoteWebDriver.findElement(RemoteWebDriver.java:355)
at org.openqa.selenium.remote.RemoteWebDriver.findElement(RemoteWebDriver.java:349)
at org.openqa.selenium.support.pagefactory.DefaultElementLocator.findElement(DefaultElementLocator.java:68)
at org.openqa.selenium.support.pagefactory.internal.LocatingElementHandler.invoke(LocatingElementHandler.java:38)
at jdk.proxy2/jdk.proxy2.$Proxy14.click(Unknown Source)
at SwimPay.pageObject.BulkPaymentPage.Click_AccpctRateButton(BulkPaymentPage.java:369)
at SwimPay.negativeTests.negativeBulkPayment.PopUpMesaageCancle(negativeBulkPayment.java:53)
at java.base/java.util.ArrayList.forEach(ArrayList.java:1511)
... Removed 31 stack frames]]>
    </failure>
  </testcase> <!-- PopUpMesaageCancle -->
  <testcase classname="SwimPay.negativeTests.negativeBulkPayment" name="MultiPay" time="76.936">
    <failure type="org.openqa.selenium.NoSuchElementException" message="no such element: Unable to locate element: {&amp;quot;method&amp;quot;:&amp;quot;xpath&amp;quot;,&amp;quot;selector&amp;quot;:&amp;quot;//*[@role=&amp;apos;dialog&amp;apos;]/div[2]/button[2]&amp;quot;}
  (Session info: chrome=124.0.6367.119)
For documentation on this error, please visit: https://www.selenium.dev/documentation/webdriver/troubleshooting/errors#no-such-element-exception
Build info: version: &amp;apos;4.20.0&amp;apos;, revision: &amp;apos;866c76ca80&amp;apos;
System info: os.name: &amp;apos;Windows 10&amp;apos;, os.arch: &amp;apos;amd64&amp;apos;, os.version: &amp;apos;10.0&amp;apos;, java.version: &amp;apos;17.0.10&amp;apos;
Driver info: org.openqa.selenium.chrome.ChromeDriver
Command: [75fdc9cb7342d5f4903c60b7bdda63e0, findElement {using=xpath, value=//*[@role=&amp;apos;dialog&amp;apos;]/div[2]/button[2]}]
Capabilities {acceptInsecureCerts: false, browserName: chrome, browserVersion: 124.0.6367.119, chrome: {chromedriverVersion: 124.0.6367.91 (51df0e5e17a8..., userDataDir: C:\Users\pgargi\AppData\Loc...}, fedcm:accounts: true, goog:chromeOptions: {debuggerAddress: localhost:50999}, networkConnectionEnabled: false, pageLoadStrategy: normal, platformName: windows, proxy: Proxy(), se:cdp: ws://localhost:50999/devtoo..., se:cdpVersion: 124.0.6367.119, setWindowRect: true, strictFileInteractability: false, timeouts: {implicit: 0, pageLoad: 300000, script: 30000}, unhandledPromptBehavior: dismiss and notify, webauthn:extension:credBlob: true, webauthn:extension:largeBlob: true, webauthn:extension:minPinLength: true, webauthn:extension:prf: true, webauthn:virtualAuthenticators: true}
Session ID: 75fdc9cb7342d5f4903c60b7bdda63e0">
      <![CDATA[org.openqa.selenium.NoSuchElementException: no such element: Unable to locate element: {"method":"xpath","selector":"//*[@role='dialog']/div[2]/button[2]"}
  (Session info: chrome=124.0.6367.119)
For documentation on this error, please visit: https://www.selenium.dev/documentation/webdriver/troubleshooting/errors#no-such-element-exception
Build info: version: '4.20.0', revision: '866c76ca80'
System info: os.name: 'Windows 10', os.arch: 'amd64', os.version: '10.0', java.version: '17.0.10'
Driver info: org.openqa.selenium.chrome.ChromeDriver
Command: [75fdc9cb7342d5f4903c60b7bdda63e0, findElement {using=xpath, value=//*[@role='dialog']/div[2]/button[2]}]
Capabilities {acceptInsecureCerts: false, browserName: chrome, browserVersion: 124.0.6367.119, chrome: {chromedriverVersion: 124.0.6367.91 (51df0e5e17a8..., userDataDir: C:\Users\pgargi\AppData\Loc...}, fedcm:accounts: true, goog:chromeOptions: {debuggerAddress: localhost:50999}, networkConnectionEnabled: false, pageLoadStrategy: normal, platformName: windows, proxy: Proxy(), se:cdp: ws://localhost:50999/devtoo..., se:cdpVersion: 124.0.6367.119, setWindowRect: true, strictFileInteractability: false, timeouts: {implicit: 0, pageLoad: 300000, script: 30000}, unhandledPromptBehavior: dismiss and notify, webauthn:extension:credBlob: true, webauthn:extension:largeBlob: true, webauthn:extension:minPinLength: true, webauthn:extension:prf: true, webauthn:virtualAuthenticators: true}
Session ID: 75fdc9cb7342d5f4903c60b7bdda63e0
at org.openqa.selenium.remote.ErrorCodec.decode(ErrorCodec.java:167)
at org.openqa.selenium.remote.codec.w3c.W3CHttpResponseCodec.decode(W3CHttpResponseCodec.java:138)
at org.openqa.selenium.remote.codec.w3c.W3CHttpResponseCodec.decode(W3CHttpResponseCodec.java:50)
at org.openqa.selenium.remote.HttpCommandExecutor.execute(HttpCommandExecutor.java:190)
at org.openqa.selenium.remote.service.DriverCommandExecutor.invokeExecute(DriverCommandExecutor.java:216)
at org.openqa.selenium.remote.service.DriverCommandExecutor.execute(DriverCommandExecutor.java:174)
at org.openqa.selenium.remote.RemoteWebDriver.execute(RemoteWebDriver.java:518)
at org.openqa.selenium.remote.ElementLocation$ElementFinder$2.findElement(ElementLocation.java:165)
at org.openqa.selenium.remote.ElementLocation.findElement(ElementLocation.java:59)
at org.openqa.selenium.remote.RemoteWebDriver.findElement(RemoteWebDriver.java:355)
at org.openqa.selenium.remote.RemoteWebDriver.findElement(RemoteWebDriver.java:349)
at org.openqa.selenium.support.pagefactory.DefaultElementLocator.findElement(DefaultElementLocator.java:68)
at org.openqa.selenium.support.pagefactory.internal.LocatingElementHandler.invoke(LocatingElementHandler.java:38)
at jdk.proxy2/jdk.proxy2.$Proxy14.click(Unknown Source)
at SwimPay.pageObject.BulkPaymentPage.Click_AccpctRateButton(BulkPaymentPage.java:369)
at SwimPay.negativeTests.negativeBulkPayment.MultiPay(negativeBulkPayment.java:76)
at java.base/java.util.ArrayList.forEach(ArrayList.java:1511)
... Removed 31 stack frames]]>
    </failure>
  </testcase> <!-- MultiPay -->
  <testcase classname="SwimPay.positiveTests.fxConversion" name="clickOnSearch" time="5.649"/>
  <testcase classname="SwimPay.positiveTests.fxConversion" name="fxConversionCancelProcess_FromCurrency_Amountsection" time="6.0"/>
  <testcase classname="SwimPay.positiveTests.fxConversion" name="submitCurrency_AccountDetails" time="15.217"/>
  <testcase classname="SwimPay.positiveTests.fxConversion" name="fxConversionCancelProcess_FromCurrency_Amountsection_whenDataProvided" time="15.977"/>
  <testcase classname="SwimPay.positiveTests.fxConversion" name="fxConversionconvert" time="25.811"/>
  <testcase classname="SwimPay.positiveTests.fxConversion" name="fxConversionCancelProcess_fromQuoteSection" time="20.016"/>
  <testcase classname="SwimPay.positiveTests.fxConversion" name="fxConversionByAmountToBuy" time="26.57"/>
  <testcase classname="SwimPay.positiveTests.fxConversion" name="fxConversionByAmountToSell" time="26.617"/>
  <testcase classname="SwimPay.positiveTests.fxConversion" name="fxConversionCancelProcess_fromOTPStep" time="22.893"/>
  <testcase classname="SwimPay.positiveTests.fxConversion" name="fxConversionBackBtnClick_fromQuoteSection" time="22.226"/>
  <testcase classname="SwimPay.positiveTests.fxConversion" name="fxConversion_clickRequoteOpt" time="41.443"/>
  <testcase classname="SwimPay.positiveTests.fxConversion" name="fxConversion_clickMakePaymentOpt" time="29.549"/>
  <testcase classname="SwimPay.positiveTests.fxConversion" name="fxConversion_clickPayLaterOpt" time="25.763"/>
  <testcase classname="SwimPay.positiveTests.fxConversion" name="fxConversion_clickMakeAnotherconversionOpt" time="26.919"/>
  <testcase classname="SwimPay.positiveTests.fxConversion" name="fxConversion_clickViewDashboardOpt" time="26.664"/>
  <testcase classname="SwimPay.positiveTests.fxConversion" name="fxConversionPayOutOption" time="7.907"/>
  <testcase classname="SwimPay.positiveTests.fxConversion" name="SellCurrecy" time="12.621"/>
  <testcase classname="SwimPay.positiveTests.fxConversion" name="BuyCurrecy" time="12.904"/>
  <testcase classname="SwimPay.positiveTests.fxConversion" name="AmountToselectBuyoption" time="11.802"/>
  <testcase classname="SwimPay.positiveTests.fxConversion" name="WriteAmount" time="12.165"/>
  <testcase classname="SwimPay.positiveTests.fxConversion" name="Get_a_Quote" time="19.356"/>
  <testcase classname="SwimPay.positiveTests.fxConversion" name="CancelButton" time="12.676"/>
  <testcase classname="SwimPay.positiveTests.fxConversion" name="fxConversionByAmountBuy" time="24.349"/>
  <testcase classname="SwimPay.positiveTests.fxConversion" name="fxConversionBackBtnClick_fromQuote" time="18.285"/>
  <testcase classname="SwimPay.positiveTests.fxConversion" name="PayoutRequoteOpt" time="33.056"/>
  <testcase classname="SwimPay.positiveTests.fxConversion" name="PayOutclickMakePaymentOpt" time="22.441"/>
  <testcase classname="SwimPay.positiveTests.fxConversion" name="PayOutclickPayLaterOpt" time="24.611"/>
  <testcase classname="SwimPay.positiveTests.fxConversion" name="PayOutclickMakeAnotherconversionOpt" time="22.694"/>
  <testcase classname="SwimPay.positiveTests.fxConversion" name="fxConversionPayOut_clickViewDashboardOpt" time="23.57"/>
  <testcase classname="SwimPay.negativeTests.negativeFXconversion" name="submitCurrencies_AmountWith_Amount0" time="29.755"/>
  <testcase classname="SwimPay.negativeTests.negativeFXconversion" name="submitFXConversion_curriencyAmount_bySameCurrencyOpt" time="18.481"/>
  <testcase classname="SwimPay.negativeTests.negativeFXconversion" name="submitFxConversionByInvalidOTPSubmit" time="25.129"/>
  <testcase classname="SwimPay.negativeTests.negativeFXconversion" name="fxConversionWithoutSelectingTermsCheckbox" time="19.742"/>
  <testcase classname="SwimPay.negativeTests.negativeFXconversion" name="submitCurrencies_AmountWith_Amount" time="7.883"/>
  <testcase classname="SwimPay.negativeTests.negativeFXconversion" name="submitCurrencies_Amout_Enter_InvalidData" time="12.498"/>
  <testcase classname="SwimPay.negativeTests.negativeFXconversion" name="FX_Convresion_BuyOrSell_SameCurrency" time="11.458"/>
  <testcase classname="SwimPay.negativeTests.negativeFXconversion" name="FX_Convresion_Invalid_OTP" time="23.071"/>
  <testcase classname="SwimPay.negativeTests.negativeFXconversion" name="WithOut_select_checkbox" time="16.185"/>
  <testcase classname="SwimPay.positiveTests.fundingAccounts" name="navigateToFundingAccount" time="16.342"/>
  <testcase classname="SwimPay.positiveTests.fundingAccounts" name="searchBankAccounts" time="8.335"/>
  <testcase classname="SwimPay.positiveTests.fundingAccounts" name="clickAddAccountBtn" time="6.211"/>
  <testcase classname="SwimPay.positiveTests.fundingAccounts" name="addNew_submitMyBankDetailFormData" time="13.579"/>
  <testcase classname="SwimPay.positiveTests.fundingAccounts" name="addNewFunding_submitAndValdiateBankAccountDetails" time="22.666"/>
  <testcase classname="SwimPay.positiveTests.fundingAccounts" name="addNew_submitMyBankDetailFormData_withIndividualBankTypeOpt" time="15.195"/>
  <testcase classname="SwimPay.positiveTests.fundingAccounts" name="addNewFunding_valdiateAndCreateBankAccountDetails_withIndividualBankTypeOpt" time="33.314"/>
  <testcase classname="SwimPay.positiveTests.fundingAccounts" name="addNewFunding_clickOnEditOpt" time="35.542"/>
  <testcase classname="SwimPay.positiveTests.fundingAccounts" name="addNewFunding_clickOnEditOpt_andUpdateDetails" time="45.674"/>
  <testcase classname="SwimPay.positiveTests.fundingAccounts" name="addNewFunding_deletenewSavedDetails" time="0.001">
    <skipped/>
  </testcase> <!-- addNewFunding_deletenewSavedDetails -->
  <testcase classname="SwimPay.positiveTests.fundingAccounts" name="addNewFunding_andClickPayOpt" time="0.0">
    <skipped/>
  </testcase> <!-- addNewFunding_andClickPayOpt -->
  <testcase classname="SwimPay.positiveTests.fundingAccounts" name="clickUserAccountNamefromDataList" time="0.0">
    <skipped/>
  </testcase> <!-- clickUserAccountNamefromDataList -->
  <testcase classname="SwimPay.positiveTests.fundingAccounts" name="clickUsersAccountNameFromDataList_andClickPayBtnFromDetailPage" time="0.0">
    <skipped/>
  </testcase> <!-- clickUsersAccountNameFromDataList_andClickPayBtnFromDetailPage -->
  <testcase classname="SwimPay.positiveTests.fundingAccounts" name="clickUsersAccountNameFromDataList_andClickEditBtnFromDetailPage" time="0.0">
    <skipped/>
  </testcase> <!-- clickUsersAccountNameFromDataList_andClickEditBtnFromDetailPage -->
  <testcase classname="SwimPay.positiveTests.fundingAccounts" name="clickUsersAccountNameFromDataList_andClickDeleteBtnFromDetailPage" time="0.0">
    <skipped/>
  </testcase> <!-- clickUsersAccountNameFromDataList_andClickDeleteBtnFromDetailPage -->
  <testcase classname="SwimPay.positiveTests.fundingAccounts" name="clickEditOptForRequestedUser" time="0.0">
    <skipped/>
  </testcase> <!-- clickEditOptForRequestedUser -->
  <testcase classname="SwimPay.positiveTests.fundingAccounts" name="clickEditOptFromDataListForRequestedUser_andEditUpdateDetails" time="0.0">
    <skipped/>
  </testcase> <!-- clickEditOptFromDataListForRequestedUser_andEditUpdateDetails -->
  <testcase classname="SwimPay.positiveTests.fundingAccounts" name="clickPayOptFromDataListForRequestedUser" time="0.0">
    <skipped/>
  </testcase> <!-- clickPayOptFromDataListForRequestedUser -->
  <testcase classname="SwimPay.positiveTests.fundingAccounts" name="clickPayOptFromDataListForRequestedUser_andPerformPayment" time="0.0">
    <skipped/>
  </testcase> <!-- clickPayOptFromDataListForRequestedUser_andPerformPayment -->
  <testcase classname="SwimPay.positiveTests.fundingAccounts" name="clickDeleteOptForRequestedUserFromDataList_andPerformDeleteAction" time="0.0">
    <skipped/>
  </testcase> <!-- clickDeleteOptForRequestedUserFromDataList_andPerformDeleteAction -->
  <testcase classname="SwimPay.negativeTests.negativeFundingAccount" name="addNew_submitMyBankDetailFormData_withBlankFields" time="57.506">
    <failure type="org.openqa.selenium.NoSuchElementException" message="no such element: Unable to locate element: {&amp;quot;method&amp;quot;:&amp;quot;xpath&amp;quot;,&amp;quot;selector&amp;quot;:&amp;quot;//button[contains(@class,&amp;apos;MuiButton-fullWidth css-&amp;apos;)]&amp;quot;}
  (Session info: chrome=124.0.6367.119)
For documentation on this error, please visit: https://www.selenium.dev/documentation/webdriver/troubleshooting/errors#no-such-element-exception
Build info: version: &amp;apos;4.20.0&amp;apos;, revision: &amp;apos;866c76ca80&amp;apos;
System info: os.name: &amp;apos;Windows 10&amp;apos;, os.arch: &amp;apos;amd64&amp;apos;, os.version: &amp;apos;10.0&amp;apos;, java.version: &amp;apos;17.0.10&amp;apos;
Driver info: org.openqa.selenium.chrome.ChromeDriver
Command: [3fbabbbaf99516be3504027e64be6141, findElement {using=xpath, value=//button[contains(@class,&amp;apos;MuiButton-fullWidth css-&amp;apos;)]}]
Capabilities {acceptInsecureCerts: false, browserName: chrome, browserVersion: 124.0.6367.119, chrome: {chromedriverVersion: 124.0.6367.91 (51df0e5e17a8..., userDataDir: C:\Users\pgargi\AppData\Loc...}, fedcm:accounts: true, goog:chromeOptions: {debuggerAddress: localhost:52689}, networkConnectionEnabled: false, pageLoadStrategy: normal, platformName: windows, proxy: Proxy(), se:cdp: ws://localhost:52689/devtoo..., se:cdpVersion: 124.0.6367.119, setWindowRect: true, strictFileInteractability: false, timeouts: {implicit: 0, pageLoad: 300000, script: 30000}, unhandledPromptBehavior: dismiss and notify, webauthn:extension:credBlob: true, webauthn:extension:largeBlob: true, webauthn:extension:minPinLength: true, webauthn:extension:prf: true, webauthn:virtualAuthenticators: true}
Session ID: 3fbabbbaf99516be3504027e64be6141">
      <![CDATA[org.openqa.selenium.NoSuchElementException: no such element: Unable to locate element: {"method":"xpath","selector":"//button[contains(@class,'MuiButton-fullWidth css-')]"}
  (Session info: chrome=124.0.6367.119)
For documentation on this error, please visit: https://www.selenium.dev/documentation/webdriver/troubleshooting/errors#no-such-element-exception
Build info: version: '4.20.0', revision: '866c76ca80'
System info: os.name: 'Windows 10', os.arch: 'amd64', os.version: '10.0', java.version: '17.0.10'
Driver info: org.openqa.selenium.chrome.ChromeDriver
Command: [3fbabbbaf99516be3504027e64be6141, findElement {using=xpath, value=//button[contains(@class,'MuiButton-fullWidth css-')]}]
Capabilities {acceptInsecureCerts: false, browserName: chrome, browserVersion: 124.0.6367.119, chrome: {chromedriverVersion: 124.0.6367.91 (51df0e5e17a8..., userDataDir: C:\Users\pgargi\AppData\Loc...}, fedcm:accounts: true, goog:chromeOptions: {debuggerAddress: localhost:52689}, networkConnectionEnabled: false, pageLoadStrategy: normal, platformName: windows, proxy: Proxy(), se:cdp: ws://localhost:52689/devtoo..., se:cdpVersion: 124.0.6367.119, setWindowRect: true, strictFileInteractability: false, timeouts: {implicit: 0, pageLoad: 300000, script: 30000}, unhandledPromptBehavior: dismiss and notify, webauthn:extension:credBlob: true, webauthn:extension:largeBlob: true, webauthn:extension:minPinLength: true, webauthn:extension:prf: true, webauthn:virtualAuthenticators: true}
Session ID: 3fbabbbaf99516be3504027e64be6141
at org.openqa.selenium.remote.ErrorCodec.decode(ErrorCodec.java:167)
at org.openqa.selenium.remote.codec.w3c.W3CHttpResponseCodec.decode(W3CHttpResponseCodec.java:138)
at org.openqa.selenium.remote.codec.w3c.W3CHttpResponseCodec.decode(W3CHttpResponseCodec.java:50)
at org.openqa.selenium.remote.HttpCommandExecutor.execute(HttpCommandExecutor.java:190)
at org.openqa.selenium.remote.service.DriverCommandExecutor.invokeExecute(DriverCommandExecutor.java:216)
at org.openqa.selenium.remote.service.DriverCommandExecutor.execute(DriverCommandExecutor.java:174)
at org.openqa.selenium.remote.RemoteWebDriver.execute(RemoteWebDriver.java:518)
at org.openqa.selenium.remote.ElementLocation$ElementFinder$2.findElement(ElementLocation.java:165)
at org.openqa.selenium.remote.ElementLocation.findElement(ElementLocation.java:59)
at org.openqa.selenium.remote.RemoteWebDriver.findElement(RemoteWebDriver.java:355)
at org.openqa.selenium.remote.RemoteWebDriver.findElement(RemoteWebDriver.java:349)
at org.openqa.selenium.support.pagefactory.DefaultElementLocator.findElement(DefaultElementLocator.java:68)
at org.openqa.selenium.support.pagefactory.internal.LocatingElementHandler.invoke(LocatingElementHandler.java:38)
at jdk.proxy2/jdk.proxy2.$Proxy14.getText(Unknown Source)
at SwimPay.pageObject.fundingAccountsPage.submitBankAccountDetails(fundingAccountsPage.java:279)
at SwimPay.negativeTests.negativeFundingAccount.addNew_submitMyBankDetailFormData_withBlankFields(negativeFundingAccount.java:28)
at java.base/java.util.ArrayList.forEach(ArrayList.java:1511)
... Removed 31 stack frames]]>
    </failure>
  </testcase> <!-- addNew_submitMyBankDetailFormData_withBlankFields -->
  <testcase classname="SwimPay.negativeTests.negativeFundingAccount" name="addNew_ValidateAccount_withoutSelectPaymentCheckBox" time="57.563">
    <failure type="org.openqa.selenium.NoSuchElementException" message="no such element: Unable to locate element: {&amp;quot;method&amp;quot;:&amp;quot;xpath&amp;quot;,&amp;quot;selector&amp;quot;:&amp;quot;(//*[@type=&amp;apos;text&amp;apos;])[1]&amp;quot;}
  (Session info: chrome=124.0.6367.119)
For documentation on this error, please visit: https://www.selenium.dev/documentation/webdriver/troubleshooting/errors#no-such-element-exception
Build info: version: &amp;apos;4.20.0&amp;apos;, revision: &amp;apos;866c76ca80&amp;apos;
System info: os.name: &amp;apos;Windows 10&amp;apos;, os.arch: &amp;apos;amd64&amp;apos;, os.version: &amp;apos;10.0&amp;apos;, java.version: &amp;apos;17.0.10&amp;apos;
Driver info: org.openqa.selenium.chrome.ChromeDriver
Command: [e3618c0cc78e6348f3d61b188fb5279f, findElement {using=xpath, value=(//*[@type=&amp;apos;text&amp;apos;])[1]}]
Capabilities {acceptInsecureCerts: false, browserName: chrome, browserVersion: 124.0.6367.119, chrome: {chromedriverVersion: 124.0.6367.91 (51df0e5e17a8..., userDataDir: C:\Users\pgargi\AppData\Loc...}, fedcm:accounts: true, goog:chromeOptions: {debuggerAddress: localhost:52755}, networkConnectionEnabled: false, pageLoadStrategy: normal, platformName: windows, proxy: Proxy(), se:cdp: ws://localhost:52755/devtoo..., se:cdpVersion: 124.0.6367.119, setWindowRect: true, strictFileInteractability: false, timeouts: {implicit: 0, pageLoad: 300000, script: 30000}, unhandledPromptBehavior: dismiss and notify, webauthn:extension:credBlob: true, webauthn:extension:largeBlob: true, webauthn:extension:minPinLength: true, webauthn:extension:prf: true, webauthn:virtualAuthenticators: true}
Session ID: e3618c0cc78e6348f3d61b188fb5279f">
      <![CDATA[org.openqa.selenium.NoSuchElementException: no such element: Unable to locate element: {"method":"xpath","selector":"(//*[@type='text'])[1]"}
  (Session info: chrome=124.0.6367.119)
For documentation on this error, please visit: https://www.selenium.dev/documentation/webdriver/troubleshooting/errors#no-such-element-exception
Build info: version: '4.20.0', revision: '866c76ca80'
System info: os.name: 'Windows 10', os.arch: 'amd64', os.version: '10.0', java.version: '17.0.10'
Driver info: org.openqa.selenium.chrome.ChromeDriver
Command: [e3618c0cc78e6348f3d61b188fb5279f, findElement {using=xpath, value=(//*[@type='text'])[1]}]
Capabilities {acceptInsecureCerts: false, browserName: chrome, browserVersion: 124.0.6367.119, chrome: {chromedriverVersion: 124.0.6367.91 (51df0e5e17a8..., userDataDir: C:\Users\pgargi\AppData\Loc...}, fedcm:accounts: true, goog:chromeOptions: {debuggerAddress: localhost:52755}, networkConnectionEnabled: false, pageLoadStrategy: normal, platformName: windows, proxy: Proxy(), se:cdp: ws://localhost:52755/devtoo..., se:cdpVersion: 124.0.6367.119, setWindowRect: true, strictFileInteractability: false, timeouts: {implicit: 0, pageLoad: 300000, script: 30000}, unhandledPromptBehavior: dismiss and notify, webauthn:extension:credBlob: true, webauthn:extension:largeBlob: true, webauthn:extension:minPinLength: true, webauthn:extension:prf: true, webauthn:virtualAuthenticators: true}
Session ID: e3618c0cc78e6348f3d61b188fb5279f
at org.openqa.selenium.remote.ErrorCodec.decode(ErrorCodec.java:167)
at org.openqa.selenium.remote.codec.w3c.W3CHttpResponseCodec.decode(W3CHttpResponseCodec.java:138)
at org.openqa.selenium.remote.codec.w3c.W3CHttpResponseCodec.decode(W3CHttpResponseCodec.java:50)
at org.openqa.selenium.remote.HttpCommandExecutor.execute(HttpCommandExecutor.java:190)
at org.openqa.selenium.remote.service.DriverCommandExecutor.invokeExecute(DriverCommandExecutor.java:216)
at org.openqa.selenium.remote.service.DriverCommandExecutor.execute(DriverCommandExecutor.java:174)
at org.openqa.selenium.remote.RemoteWebDriver.execute(RemoteWebDriver.java:518)
at org.openqa.selenium.remote.ElementLocation$ElementFinder$2.findElement(ElementLocation.java:165)
at org.openqa.selenium.remote.ElementLocation.findElement(ElementLocation.java:59)
at org.openqa.selenium.remote.RemoteWebDriver.findElement(RemoteWebDriver.java:355)
at org.openqa.selenium.remote.RemoteWebDriver.findElement(RemoteWebDriver.java:349)
at org.openqa.selenium.support.pagefactory.DefaultElementLocator.findElement(DefaultElementLocator.java:68)
at org.openqa.selenium.support.pagefactory.internal.LocatingElementHandler.invoke(LocatingElementHandler.java:38)
at jdk.proxy2/jdk.proxy2.$Proxy14.click(Unknown Source)
at SwimPay.pageObject.fundingAccountsPage.countryOption(fundingAccountsPage.java:185)
at SwimPay.negativeTests.negativeFundingAccount.addNew_ValidateAccount_withoutSelectPaymentCheckBox(negativeFundingAccount.java:47)
at java.base/java.util.ArrayList.forEach(ArrayList.java:1511)
... Removed 31 stack frames]]>
    </failure>
  </testcase> <!-- addNew_ValidateAccount_withoutSelectPaymentCheckBox -->
  <testcase classname="SwimPay.negativeTests.negativeFundingAccount" name="addNew_submitAndValdiateBankAccountDetails_withoutDataProvideInPaymentFormFields" time="60.23">
    <failure type="org.openqa.selenium.NoSuchElementException" message="no such element: Unable to locate element: {&amp;quot;method&amp;quot;:&amp;quot;xpath&amp;quot;,&amp;quot;selector&amp;quot;:&amp;quot;(//*[@type=&amp;apos;text&amp;apos;])[1]&amp;quot;}
  (Session info: chrome=124.0.6367.119)
For documentation on this error, please visit: https://www.selenium.dev/documentation/webdriver/troubleshooting/errors#no-such-element-exception
Build info: version: &amp;apos;4.20.0&amp;apos;, revision: &amp;apos;866c76ca80&amp;apos;
System info: os.name: &amp;apos;Windows 10&amp;apos;, os.arch: &amp;apos;amd64&amp;apos;, os.version: &amp;apos;10.0&amp;apos;, java.version: &amp;apos;17.0.10&amp;apos;
Driver info: org.openqa.selenium.chrome.ChromeDriver
Command: [da0d8eba01dd9af7928a776ac1355e37, findElement {using=xpath, value=(//*[@type=&amp;apos;text&amp;apos;])[1]}]
Capabilities {acceptInsecureCerts: false, browserName: chrome, browserVersion: 124.0.6367.119, chrome: {chromedriverVersion: 124.0.6367.91 (51df0e5e17a8..., userDataDir: C:\Users\pgargi\AppData\Loc...}, fedcm:accounts: true, goog:chromeOptions: {debuggerAddress: localhost:52789}, networkConnectionEnabled: false, pageLoadStrategy: normal, platformName: windows, proxy: Proxy(), se:cdp: ws://localhost:52789/devtoo..., se:cdpVersion: 124.0.6367.119, setWindowRect: true, strictFileInteractability: false, timeouts: {implicit: 0, pageLoad: 300000, script: 30000}, unhandledPromptBehavior: dismiss and notify, webauthn:extension:credBlob: true, webauthn:extension:largeBlob: true, webauthn:extension:minPinLength: true, webauthn:extension:prf: true, webauthn:virtualAuthenticators: true}
Session ID: da0d8eba01dd9af7928a776ac1355e37">
      <![CDATA[org.openqa.selenium.NoSuchElementException: no such element: Unable to locate element: {"method":"xpath","selector":"(//*[@type='text'])[1]"}
  (Session info: chrome=124.0.6367.119)
For documentation on this error, please visit: https://www.selenium.dev/documentation/webdriver/troubleshooting/errors#no-such-element-exception
Build info: version: '4.20.0', revision: '866c76ca80'
System info: os.name: 'Windows 10', os.arch: 'amd64', os.version: '10.0', java.version: '17.0.10'
Driver info: org.openqa.selenium.chrome.ChromeDriver
Command: [da0d8eba01dd9af7928a776ac1355e37, findElement {using=xpath, value=(//*[@type='text'])[1]}]
Capabilities {acceptInsecureCerts: false, browserName: chrome, browserVersion: 124.0.6367.119, chrome: {chromedriverVersion: 124.0.6367.91 (51df0e5e17a8..., userDataDir: C:\Users\pgargi\AppData\Loc...}, fedcm:accounts: true, goog:chromeOptions: {debuggerAddress: localhost:52789}, networkConnectionEnabled: false, pageLoadStrategy: normal, platformName: windows, proxy: Proxy(), se:cdp: ws://localhost:52789/devtoo..., se:cdpVersion: 124.0.6367.119, setWindowRect: true, strictFileInteractability: false, timeouts: {implicit: 0, pageLoad: 300000, script: 30000}, unhandledPromptBehavior: dismiss and notify, webauthn:extension:credBlob: true, webauthn:extension:largeBlob: true, webauthn:extension:minPinLength: true, webauthn:extension:prf: true, webauthn:virtualAuthenticators: true}
Session ID: da0d8eba01dd9af7928a776ac1355e37
at org.openqa.selenium.remote.ErrorCodec.decode(ErrorCodec.java:167)
at org.openqa.selenium.remote.codec.w3c.W3CHttpResponseCodec.decode(W3CHttpResponseCodec.java:138)
at org.openqa.selenium.remote.codec.w3c.W3CHttpResponseCodec.decode(W3CHttpResponseCodec.java:50)
at org.openqa.selenium.remote.HttpCommandExecutor.execute(HttpCommandExecutor.java:190)
at org.openqa.selenium.remote.service.DriverCommandExecutor.invokeExecute(DriverCommandExecutor.java:216)
at org.openqa.selenium.remote.service.DriverCommandExecutor.execute(DriverCommandExecutor.java:174)
at org.openqa.selenium.remote.RemoteWebDriver.execute(RemoteWebDriver.java:518)
at org.openqa.selenium.remote.ElementLocation$ElementFinder$2.findElement(ElementLocation.java:165)
at org.openqa.selenium.remote.ElementLocation.findElement(ElementLocation.java:59)
at org.openqa.selenium.remote.RemoteWebDriver.findElement(RemoteWebDriver.java:355)
at org.openqa.selenium.remote.RemoteWebDriver.findElement(RemoteWebDriver.java:349)
at org.openqa.selenium.support.pagefactory.DefaultElementLocator.findElement(DefaultElementLocator.java:68)
at org.openqa.selenium.support.pagefactory.internal.LocatingElementHandler.invoke(LocatingElementHandler.java:38)
at jdk.proxy2/jdk.proxy2.$Proxy14.click(Unknown Source)
at SwimPay.pageObject.fundingAccountsPage.countryOption(fundingAccountsPage.java:185)
at SwimPay.negativeTests.negativeFundingAccount.addNew_submitAndValdiateBankAccountDetails_withoutDataProvideInPaymentFormFields(negativeFundingAccount.java:74)
at java.base/java.util.ArrayList.forEach(ArrayList.java:1511)
... Removed 31 stack frames]]>
    </failure>
  </testcase> <!-- addNew_submitAndValdiateBankAccountDetails_withoutDataProvideInPaymentFormFields -->
  <testcase classname="SwimPay.negativeTests.negativeFundingAccount" name="addNew_submitAndValdiateBankAccountDetails_withInvalidOTPSubmit" time="60.474">
    <failure type="org.openqa.selenium.NoSuchElementException" message="no such element: Unable to locate element: {&amp;quot;method&amp;quot;:&amp;quot;xpath&amp;quot;,&amp;quot;selector&amp;quot;:&amp;quot;(//*[@type=&amp;apos;text&amp;apos;])[1]&amp;quot;}
  (Session info: chrome=124.0.6367.119)
For documentation on this error, please visit: https://www.selenium.dev/documentation/webdriver/troubleshooting/errors#no-such-element-exception
Build info: version: &amp;apos;4.20.0&amp;apos;, revision: &amp;apos;866c76ca80&amp;apos;
System info: os.name: &amp;apos;Windows 10&amp;apos;, os.arch: &amp;apos;amd64&amp;apos;, os.version: &amp;apos;10.0&amp;apos;, java.version: &amp;apos;17.0.10&amp;apos;
Driver info: org.openqa.selenium.chrome.ChromeDriver
Command: [b07ed6ff46b59de277b98f88ec509156, findElement {using=xpath, value=(//*[@type=&amp;apos;text&amp;apos;])[1]}]
Capabilities {acceptInsecureCerts: false, browserName: chrome, browserVersion: 124.0.6367.119, chrome: {chromedriverVersion: 124.0.6367.91 (51df0e5e17a8..., userDataDir: C:\Users\pgargi\AppData\Loc...}, fedcm:accounts: true, goog:chromeOptions: {debuggerAddress: localhost:52823}, networkConnectionEnabled: false, pageLoadStrategy: normal, platformName: windows, proxy: Proxy(), se:cdp: ws://localhost:52823/devtoo..., se:cdpVersion: 124.0.6367.119, setWindowRect: true, strictFileInteractability: false, timeouts: {implicit: 0, pageLoad: 300000, script: 30000}, unhandledPromptBehavior: dismiss and notify, webauthn:extension:credBlob: true, webauthn:extension:largeBlob: true, webauthn:extension:minPinLength: true, webauthn:extension:prf: true, webauthn:virtualAuthenticators: true}
Session ID: b07ed6ff46b59de277b98f88ec509156">
      <![CDATA[org.openqa.selenium.NoSuchElementException: no such element: Unable to locate element: {"method":"xpath","selector":"(//*[@type='text'])[1]"}
  (Session info: chrome=124.0.6367.119)
For documentation on this error, please visit: https://www.selenium.dev/documentation/webdriver/troubleshooting/errors#no-such-element-exception
Build info: version: '4.20.0', revision: '866c76ca80'
System info: os.name: 'Windows 10', os.arch: 'amd64', os.version: '10.0', java.version: '17.0.10'
Driver info: org.openqa.selenium.chrome.ChromeDriver
Command: [b07ed6ff46b59de277b98f88ec509156, findElement {using=xpath, value=(//*[@type='text'])[1]}]
Capabilities {acceptInsecureCerts: false, browserName: chrome, browserVersion: 124.0.6367.119, chrome: {chromedriverVersion: 124.0.6367.91 (51df0e5e17a8..., userDataDir: C:\Users\pgargi\AppData\Loc...}, fedcm:accounts: true, goog:chromeOptions: {debuggerAddress: localhost:52823}, networkConnectionEnabled: false, pageLoadStrategy: normal, platformName: windows, proxy: Proxy(), se:cdp: ws://localhost:52823/devtoo..., se:cdpVersion: 124.0.6367.119, setWindowRect: true, strictFileInteractability: false, timeouts: {implicit: 0, pageLoad: 300000, script: 30000}, unhandledPromptBehavior: dismiss and notify, webauthn:extension:credBlob: true, webauthn:extension:largeBlob: true, webauthn:extension:minPinLength: true, webauthn:extension:prf: true, webauthn:virtualAuthenticators: true}
Session ID: b07ed6ff46b59de277b98f88ec509156
at org.openqa.selenium.remote.ErrorCodec.decode(ErrorCodec.java:167)
at org.openqa.selenium.remote.codec.w3c.W3CHttpResponseCodec.decode(W3CHttpResponseCodec.java:138)
at org.openqa.selenium.remote.codec.w3c.W3CHttpResponseCodec.decode(W3CHttpResponseCodec.java:50)
at org.openqa.selenium.remote.HttpCommandExecutor.execute(HttpCommandExecutor.java:190)
at org.openqa.selenium.remote.service.DriverCommandExecutor.invokeExecute(DriverCommandExecutor.java:216)
at org.openqa.selenium.remote.service.DriverCommandExecutor.execute(DriverCommandExecutor.java:174)
at org.openqa.selenium.remote.RemoteWebDriver.execute(RemoteWebDriver.java:518)
at org.openqa.selenium.remote.ElementLocation$ElementFinder$2.findElement(ElementLocation.java:165)
at org.openqa.selenium.remote.ElementLocation.findElement(ElementLocation.java:59)
at org.openqa.selenium.remote.RemoteWebDriver.findElement(RemoteWebDriver.java:355)
at org.openqa.selenium.remote.RemoteWebDriver.findElement(RemoteWebDriver.java:349)
at org.openqa.selenium.support.pagefactory.DefaultElementLocator.findElement(DefaultElementLocator.java:68)
at org.openqa.selenium.support.pagefactory.internal.LocatingElementHandler.invoke(LocatingElementHandler.java:38)
at jdk.proxy2/jdk.proxy2.$Proxy14.click(Unknown Source)
at SwimPay.pageObject.fundingAccountsPage.countryOption(fundingAccountsPage.java:185)
at SwimPay.negativeTests.negativeFundingAccount.addNew_submitAndValdiateBankAccountDetails_withInvalidOTPSubmit(negativeFundingAccount.java:104)
at java.base/java.util.ArrayList.forEach(ArrayList.java:1511)
... Removed 31 stack frames]]>
    </failure>
  </testcase> <!-- addNew_submitAndValdiateBankAccountDetails_withInvalidOTPSubmit -->
  <testcase classname="SwimPay.negativeTests.negativeFundingAccount" name="addNewFunding_submitBankAccountDetailForm_withInvalidValues" time="59.611">
    <failure type="org.openqa.selenium.NoSuchElementException" message="no such element: Unable to locate element: {&amp;quot;method&amp;quot;:&amp;quot;xpath&amp;quot;,&amp;quot;selector&amp;quot;:&amp;quot;(//*[@type=&amp;apos;text&amp;apos;])[1]&amp;quot;}
  (Session info: chrome=124.0.6367.119)
For documentation on this error, please visit: https://www.selenium.dev/documentation/webdriver/troubleshooting/errors#no-such-element-exception
Build info: version: &amp;apos;4.20.0&amp;apos;, revision: &amp;apos;866c76ca80&amp;apos;
System info: os.name: &amp;apos;Windows 10&amp;apos;, os.arch: &amp;apos;amd64&amp;apos;, os.version: &amp;apos;10.0&amp;apos;, java.version: &amp;apos;17.0.10&amp;apos;
Driver info: org.openqa.selenium.chrome.ChromeDriver
Command: [cc184b82acb408e12fc3997a9d1bd1d1, findElement {using=xpath, value=(//*[@type=&amp;apos;text&amp;apos;])[1]}]
Capabilities {acceptInsecureCerts: false, browserName: chrome, browserVersion: 124.0.6367.119, chrome: {chromedriverVersion: 124.0.6367.91 (51df0e5e17a8..., userDataDir: C:\Users\pgargi\AppData\Loc...}, fedcm:accounts: true, goog:chromeOptions: {debuggerAddress: localhost:52863}, networkConnectionEnabled: false, pageLoadStrategy: normal, platformName: windows, proxy: Proxy(), se:cdp: ws://localhost:52863/devtoo..., se:cdpVersion: 124.0.6367.119, setWindowRect: true, strictFileInteractability: false, timeouts: {implicit: 0, pageLoad: 300000, script: 30000}, unhandledPromptBehavior: dismiss and notify, webauthn:extension:credBlob: true, webauthn:extension:largeBlob: true, webauthn:extension:minPinLength: true, webauthn:extension:prf: true, webauthn:virtualAuthenticators: true}
Session ID: cc184b82acb408e12fc3997a9d1bd1d1">
      <![CDATA[org.openqa.selenium.NoSuchElementException: no such element: Unable to locate element: {"method":"xpath","selector":"(//*[@type='text'])[1]"}
  (Session info: chrome=124.0.6367.119)
For documentation on this error, please visit: https://www.selenium.dev/documentation/webdriver/troubleshooting/errors#no-such-element-exception
Build info: version: '4.20.0', revision: '866c76ca80'
System info: os.name: 'Windows 10', os.arch: 'amd64', os.version: '10.0', java.version: '17.0.10'
Driver info: org.openqa.selenium.chrome.ChromeDriver
Command: [cc184b82acb408e12fc3997a9d1bd1d1, findElement {using=xpath, value=(//*[@type='text'])[1]}]
Capabilities {acceptInsecureCerts: false, browserName: chrome, browserVersion: 124.0.6367.119, chrome: {chromedriverVersion: 124.0.6367.91 (51df0e5e17a8..., userDataDir: C:\Users\pgargi\AppData\Loc...}, fedcm:accounts: true, goog:chromeOptions: {debuggerAddress: localhost:52863}, networkConnectionEnabled: false, pageLoadStrategy: normal, platformName: windows, proxy: Proxy(), se:cdp: ws://localhost:52863/devtoo..., se:cdpVersion: 124.0.6367.119, setWindowRect: true, strictFileInteractability: false, timeouts: {implicit: 0, pageLoad: 300000, script: 30000}, unhandledPromptBehavior: dismiss and notify, webauthn:extension:credBlob: true, webauthn:extension:largeBlob: true, webauthn:extension:minPinLength: true, webauthn:extension:prf: true, webauthn:virtualAuthenticators: true}
Session ID: cc184b82acb408e12fc3997a9d1bd1d1
at org.openqa.selenium.remote.ErrorCodec.decode(ErrorCodec.java:167)
at org.openqa.selenium.remote.codec.w3c.W3CHttpResponseCodec.decode(W3CHttpResponseCodec.java:138)
at org.openqa.selenium.remote.codec.w3c.W3CHttpResponseCodec.decode(W3CHttpResponseCodec.java:50)
at org.openqa.selenium.remote.HttpCommandExecutor.execute(HttpCommandExecutor.java:190)
at org.openqa.selenium.remote.service.DriverCommandExecutor.invokeExecute(DriverCommandExecutor.java:216)
at org.openqa.selenium.remote.service.DriverCommandExecutor.execute(DriverCommandExecutor.java:174)
at org.openqa.selenium.remote.RemoteWebDriver.execute(RemoteWebDriver.java:518)
at org.openqa.selenium.remote.ElementLocation$ElementFinder$2.findElement(ElementLocation.java:165)
at org.openqa.selenium.remote.ElementLocation.findElement(ElementLocation.java:59)
at org.openqa.selenium.remote.RemoteWebDriver.findElement(RemoteWebDriver.java:355)
at org.openqa.selenium.remote.RemoteWebDriver.findElement(RemoteWebDriver.java:349)
at org.openqa.selenium.support.pagefactory.DefaultElementLocator.findElement(DefaultElementLocator.java:68)
at org.openqa.selenium.support.pagefactory.internal.LocatingElementHandler.invoke(LocatingElementHandler.java:38)
at jdk.proxy2/jdk.proxy2.$Proxy14.click(Unknown Source)
at SwimPay.pageObject.fundingAccountsPage.countryOption(fundingAccountsPage.java:185)
at SwimPay.negativeTests.negativeFundingAccount.addNewFunding_submitBankAccountDetailForm_withInvalidValues(negativeFundingAccount.java:147)
at java.base/java.util.ArrayList.forEach(ArrayList.java:1511)
... Removed 31 stack frames]]>
    </failure>
  </testcase> <!-- addNewFunding_submitBankAccountDetailForm_withInvalidValues -->
  <testcase classname="SwimPay.negativeTests.negativeFundingAccount" name="addNewFunding_withInvalidValueProvideAndSubmit" time="60.764">
    <failure type="org.openqa.selenium.NoSuchElementException" message="no such element: Unable to locate element: {&amp;quot;method&amp;quot;:&amp;quot;xpath&amp;quot;,&amp;quot;selector&amp;quot;:&amp;quot;(//*[@type=&amp;apos;text&amp;apos;])[1]&amp;quot;}
  (Session info: chrome=124.0.6367.119)
For documentation on this error, please visit: https://www.selenium.dev/documentation/webdriver/troubleshooting/errors#no-such-element-exception
Build info: version: &amp;apos;4.20.0&amp;apos;, revision: &amp;apos;866c76ca80&amp;apos;
System info: os.name: &amp;apos;Windows 10&amp;apos;, os.arch: &amp;apos;amd64&amp;apos;, os.version: &amp;apos;10.0&amp;apos;, java.version: &amp;apos;17.0.10&amp;apos;
Driver info: org.openqa.selenium.chrome.ChromeDriver
Command: [defc1bf3b64e77abe86786a812ef9965, findElement {using=xpath, value=(//*[@type=&amp;apos;text&amp;apos;])[1]}]
Capabilities {acceptInsecureCerts: false, browserName: chrome, browserVersion: 124.0.6367.119, chrome: {chromedriverVersion: 124.0.6367.91 (51df0e5e17a8..., userDataDir: C:\Users\pgargi\AppData\Loc...}, fedcm:accounts: true, goog:chromeOptions: {debuggerAddress: localhost:52908}, networkConnectionEnabled: false, pageLoadStrategy: normal, platformName: windows, proxy: Proxy(), se:cdp: ws://localhost:52908/devtoo..., se:cdpVersion: 124.0.6367.119, setWindowRect: true, strictFileInteractability: false, timeouts: {implicit: 0, pageLoad: 300000, script: 30000}, unhandledPromptBehavior: dismiss and notify, webauthn:extension:credBlob: true, webauthn:extension:largeBlob: true, webauthn:extension:minPinLength: true, webauthn:extension:prf: true, webauthn:virtualAuthenticators: true}
Session ID: defc1bf3b64e77abe86786a812ef9965">
      <![CDATA[org.openqa.selenium.NoSuchElementException: no such element: Unable to locate element: {"method":"xpath","selector":"(//*[@type='text'])[1]"}
  (Session info: chrome=124.0.6367.119)
For documentation on this error, please visit: https://www.selenium.dev/documentation/webdriver/troubleshooting/errors#no-such-element-exception
Build info: version: '4.20.0', revision: '866c76ca80'
System info: os.name: 'Windows 10', os.arch: 'amd64', os.version: '10.0', java.version: '17.0.10'
Driver info: org.openqa.selenium.chrome.ChromeDriver
Command: [defc1bf3b64e77abe86786a812ef9965, findElement {using=xpath, value=(//*[@type='text'])[1]}]
Capabilities {acceptInsecureCerts: false, browserName: chrome, browserVersion: 124.0.6367.119, chrome: {chromedriverVersion: 124.0.6367.91 (51df0e5e17a8..., userDataDir: C:\Users\pgargi\AppData\Loc...}, fedcm:accounts: true, goog:chromeOptions: {debuggerAddress: localhost:52908}, networkConnectionEnabled: false, pageLoadStrategy: normal, platformName: windows, proxy: Proxy(), se:cdp: ws://localhost:52908/devtoo..., se:cdpVersion: 124.0.6367.119, setWindowRect: true, strictFileInteractability: false, timeouts: {implicit: 0, pageLoad: 300000, script: 30000}, unhandledPromptBehavior: dismiss and notify, webauthn:extension:credBlob: true, webauthn:extension:largeBlob: true, webauthn:extension:minPinLength: true, webauthn:extension:prf: true, webauthn:virtualAuthenticators: true}
Session ID: defc1bf3b64e77abe86786a812ef9965
at org.openqa.selenium.remote.ErrorCodec.decode(ErrorCodec.java:167)
at org.openqa.selenium.remote.codec.w3c.W3CHttpResponseCodec.decode(W3CHttpResponseCodec.java:138)
at org.openqa.selenium.remote.codec.w3c.W3CHttpResponseCodec.decode(W3CHttpResponseCodec.java:50)
at org.openqa.selenium.remote.HttpCommandExecutor.execute(HttpCommandExecutor.java:190)
at org.openqa.selenium.remote.service.DriverCommandExecutor.invokeExecute(DriverCommandExecutor.java:216)
at org.openqa.selenium.remote.service.DriverCommandExecutor.execute(DriverCommandExecutor.java:174)
at org.openqa.selenium.remote.RemoteWebDriver.execute(RemoteWebDriver.java:518)
at org.openqa.selenium.remote.ElementLocation$ElementFinder$2.findElement(ElementLocation.java:165)
at org.openqa.selenium.remote.ElementLocation.findElement(ElementLocation.java:59)
at org.openqa.selenium.remote.RemoteWebDriver.findElement(RemoteWebDriver.java:355)
at org.openqa.selenium.remote.RemoteWebDriver.findElement(RemoteWebDriver.java:349)
at org.openqa.selenium.support.pagefactory.DefaultElementLocator.findElement(DefaultElementLocator.java:68)
at org.openqa.selenium.support.pagefactory.internal.LocatingElementHandler.invoke(LocatingElementHandler.java:38)
at jdk.proxy2/jdk.proxy2.$Proxy14.click(Unknown Source)
at SwimPay.pageObject.fundingAccountsPage.countryOption(fundingAccountsPage.java:185)
at SwimPay.negativeTests.negativeFundingAccount.addNewFunding_withInvalidValueProvideAndSubmit(negativeFundingAccount.java:174)
at java.base/java.util.ArrayList.forEach(ArrayList.java:1511)
... Removed 31 stack frames]]>
    </failure>
  </testcase> <!-- addNewFunding_withInvalidValueProvideAndSubmit -->
  <testcase classname="SwimPay.negativeTests.negativeFundingAccount" name="clickEdit_andPerformUpdateDataWithInvalidData" time="15.981"/>
  <testcase classname="SwimPay.negativeTests.negativeFundingAccount" name="clickEdit_andPerformUpdateDataWithvalidData_andInavlidOTPSubmit" time="17.323"/>
  <testcase classname="SwimPay.negativeTests.negativeFundingAccount" name="deleteFundingAccount_withInvalidOTPSubmit" time="18.299"/>
  <testcase classname="SwimPay.negativeTests.negativeFundingAccount" name="editAndUpdate_fundingAccountDetailsWithInvalidAccountNumberData" time="16.231"/>
  <testcase classname="SwimPay.negativeTests.negativeFundingAccount" name="clickUserAccountNamefromDataList" time="7.811"/>
  <testcase classname="SwimPay.negativeTests.negativeProfile" name="profileUpdateByInvalidPasswordFormat" time="7.153"/>
  <testcase classname="SwimPay.negativeTests.negativeProfile" name="profileChangePasswordBy_providingWrongOldPassword" time="9.502"/>
  <testcase classname="SwimPay.negativeTests.negativeProfile" name="profileChangePasswordByMis_MatchPasswordValues" time="6.681"/>
  <testcase classname="SwimPay.positiveTests.profile" name="profileOptClick" time="252.34">
    <failure type="org.openqa.selenium.TimeoutException" message="Expected condition failed: waiting for visibility of all [] (tried for 120 second(s) with 500 milliseconds interval)
Build info: version: &amp;apos;4.20.0&amp;apos;, revision: &amp;apos;866c76ca80&amp;apos;
System info: os.name: &amp;apos;Windows 10&amp;apos;, os.arch: &amp;apos;amd64&amp;apos;, os.version: &amp;apos;10.0&amp;apos;, java.version: &amp;apos;17.0.10&amp;apos;
Driver info: org.openqa.selenium.chrome.ChromeDriver
Capabilities {acceptInsecureCerts: false, browserName: chrome, browserVersion: 124.0.6367.119, chrome: {chromedriverVersion: 124.0.6367.91 (51df0e5e17a8..., userDataDir: C:\Users\pgargi\AppData\Loc...}, fedcm:accounts: true, goog:chromeOptions: {debuggerAddress: localhost:53158}, networkConnectionEnabled: false, pageLoadStrategy: normal, platformName: windows, proxy: Proxy(), se:cdp: ws://localhost:53158/devtoo..., se:cdpVersion: 124.0.6367.119, setWindowRect: true, strictFileInteractability: false, timeouts: {implicit: 0, pageLoad: 300000, script: 30000}, unhandledPromptBehavior: dismiss and notify, webauthn:extension:credBlob: true, webauthn:extension:largeBlob: true, webauthn:extension:minPinLength: true, webauthn:extension:prf: true, webauthn:virtualAuthenticators: true}
Session ID: 2887b3e5f52ce9aaa7ca85a097f7a3f7">
      <![CDATA[org.openqa.selenium.TimeoutException: Expected condition failed: waiting for visibility of all [] (tried for 120 second(s) with 500 milliseconds interval)
Build info: version: '4.20.0', revision: '866c76ca80'
System info: os.name: 'Windows 10', os.arch: 'amd64', os.version: '10.0', java.version: '17.0.10'
Driver info: org.openqa.selenium.chrome.ChromeDriver
Capabilities {acceptInsecureCerts: false, browserName: chrome, browserVersion: 124.0.6367.119, chrome: {chromedriverVersion: 124.0.6367.91 (51df0e5e17a8..., userDataDir: C:\Users\pgargi\AppData\Loc...}, fedcm:accounts: true, goog:chromeOptions: {debuggerAddress: localhost:53158}, networkConnectionEnabled: false, pageLoadStrategy: normal, platformName: windows, proxy: Proxy(), se:cdp: ws://localhost:53158/devtoo..., se:cdpVersion: 124.0.6367.119, setWindowRect: true, strictFileInteractability: false, timeouts: {implicit: 0, pageLoad: 300000, script: 30000}, unhandledPromptBehavior: dismiss and notify, webauthn:extension:credBlob: true, webauthn:extension:largeBlob: true, webauthn:extension:minPinLength: true, webauthn:extension:prf: true, webauthn:virtualAuthenticators: true}
Session ID: 2887b3e5f52ce9aaa7ca85a097f7a3f7
at org.openqa.selenium.support.ui.WebDriverWait.timeoutException(WebDriverWait.java:84)
at org.openqa.selenium.support.ui.FluentWait.until(FluentWait.java:228)
at SwimPay.AbstractComponents.abstractComponentsMethods.waitTimeForWebElementListToAppear(abstractComponentsMethods.java:400)
at SwimPay.AbstractComponents.abstractComponentsMethods.otpData(abstractComponentsMethods.java:60)
at SwimPay.positiveTests.profile.profileOptClick(profile.java:28)
at java.base/java.util.ArrayList.forEach(ArrayList.java:1511)
... Removed 27 stack frames]]>
    </failure>
  </testcase> <!-- profileOptClick -->
  <testcase classname="SwimPay.positiveTests.profile" name="profile_updateContactInfoClick" time="252.105">
    <failure type="org.openqa.selenium.TimeoutException" message="Expected condition failed: waiting for visibility of all [] (tried for 120 second(s) with 500 milliseconds interval)
Build info: version: &amp;apos;4.20.0&amp;apos;, revision: &amp;apos;866c76ca80&amp;apos;
System info: os.name: &amp;apos;Windows 10&amp;apos;, os.arch: &amp;apos;amd64&amp;apos;, os.version: &amp;apos;10.0&amp;apos;, java.version: &amp;apos;17.0.10&amp;apos;
Driver info: org.openqa.selenium.chrome.ChromeDriver
Capabilities {acceptInsecureCerts: false, browserName: chrome, browserVersion: 124.0.6367.119, chrome: {chromedriverVersion: 124.0.6367.91 (51df0e5e17a8..., userDataDir: C:\Users\pgargi\AppData\Loc...}, fedcm:accounts: true, goog:chromeOptions: {debuggerAddress: localhost:53198}, networkConnectionEnabled: false, pageLoadStrategy: normal, platformName: windows, proxy: Proxy(), se:cdp: ws://localhost:53198/devtoo..., se:cdpVersion: 124.0.6367.119, setWindowRect: true, strictFileInteractability: false, timeouts: {implicit: 0, pageLoad: 300000, script: 30000}, unhandledPromptBehavior: dismiss and notify, webauthn:extension:credBlob: true, webauthn:extension:largeBlob: true, webauthn:extension:minPinLength: true, webauthn:extension:prf: true, webauthn:virtualAuthenticators: true}
Session ID: bb7acb7049e8844dcada94ce72e584c9">
      <![CDATA[org.openqa.selenium.TimeoutException: Expected condition failed: waiting for visibility of all [] (tried for 120 second(s) with 500 milliseconds interval)
Build info: version: '4.20.0', revision: '866c76ca80'
System info: os.name: 'Windows 10', os.arch: 'amd64', os.version: '10.0', java.version: '17.0.10'
Driver info: org.openqa.selenium.chrome.ChromeDriver
Capabilities {acceptInsecureCerts: false, browserName: chrome, browserVersion: 124.0.6367.119, chrome: {chromedriverVersion: 124.0.6367.91 (51df0e5e17a8..., userDataDir: C:\Users\pgargi\AppData\Loc...}, fedcm:accounts: true, goog:chromeOptions: {debuggerAddress: localhost:53198}, networkConnectionEnabled: false, pageLoadStrategy: normal, platformName: windows, proxy: Proxy(), se:cdp: ws://localhost:53198/devtoo..., se:cdpVersion: 124.0.6367.119, setWindowRect: true, strictFileInteractability: false, timeouts: {implicit: 0, pageLoad: 300000, script: 30000}, unhandledPromptBehavior: dismiss and notify, webauthn:extension:credBlob: true, webauthn:extension:largeBlob: true, webauthn:extension:minPinLength: true, webauthn:extension:prf: true, webauthn:virtualAuthenticators: true}
Session ID: bb7acb7049e8844dcada94ce72e584c9
at org.openqa.selenium.support.ui.WebDriverWait.timeoutException(WebDriverWait.java:84)
at org.openqa.selenium.support.ui.FluentWait.until(FluentWait.java:228)
at SwimPay.AbstractComponents.abstractComponentsMethods.waitTimeForWebElementListToAppear(abstractComponentsMethods.java:400)
at SwimPay.AbstractComponents.abstractComponentsMethods.otpData(abstractComponentsMethods.java:60)
at SwimPay.positiveTests.profile.profile_updateContactInfoClick(profile.java:44)
at java.base/java.util.ArrayList.forEach(ArrayList.java:1511)
... Removed 27 stack frames]]>
    </failure>
  </testcase> <!-- profile_updateContactInfoClick -->
  <testcase classname="SwimPay.positiveTests.profile" name="changePassword" time="252.199">
    <failure type="org.openqa.selenium.TimeoutException" message="Expected condition failed: waiting for visibility of all [] (tried for 120 second(s) with 500 milliseconds interval)
Build info: version: &amp;apos;4.20.0&amp;apos;, revision: &amp;apos;866c76ca80&amp;apos;
System info: os.name: &amp;apos;Windows 10&amp;apos;, os.arch: &amp;apos;amd64&amp;apos;, os.version: &amp;apos;10.0&amp;apos;, java.version: &amp;apos;17.0.10&amp;apos;
Driver info: org.openqa.selenium.chrome.ChromeDriver
Capabilities {acceptInsecureCerts: false, browserName: chrome, browserVersion: 124.0.6367.119, chrome: {chromedriverVersion: 124.0.6367.91 (51df0e5e17a8..., userDataDir: C:\Users\pgargi\AppData\Loc...}, fedcm:accounts: true, goog:chromeOptions: {debuggerAddress: localhost:53268}, networkConnectionEnabled: false, pageLoadStrategy: normal, platformName: windows, proxy: Proxy(), se:cdp: ws://localhost:53268/devtoo..., se:cdpVersion: 124.0.6367.119, setWindowRect: true, strictFileInteractability: false, timeouts: {implicit: 0, pageLoad: 300000, script: 30000}, unhandledPromptBehavior: dismiss and notify, webauthn:extension:credBlob: true, webauthn:extension:largeBlob: true, webauthn:extension:minPinLength: true, webauthn:extension:prf: true, webauthn:virtualAuthenticators: true}
Session ID: b25147da4d93daddf68fb55fb18cea29">
      <![CDATA[org.openqa.selenium.TimeoutException: Expected condition failed: waiting for visibility of all [] (tried for 120 second(s) with 500 milliseconds interval)
Build info: version: '4.20.0', revision: '866c76ca80'
System info: os.name: 'Windows 10', os.arch: 'amd64', os.version: '10.0', java.version: '17.0.10'
Driver info: org.openqa.selenium.chrome.ChromeDriver
Capabilities {acceptInsecureCerts: false, browserName: chrome, browserVersion: 124.0.6367.119, chrome: {chromedriverVersion: 124.0.6367.91 (51df0e5e17a8..., userDataDir: C:\Users\pgargi\AppData\Loc...}, fedcm:accounts: true, goog:chromeOptions: {debuggerAddress: localhost:53268}, networkConnectionEnabled: false, pageLoadStrategy: normal, platformName: windows, proxy: Proxy(), se:cdp: ws://localhost:53268/devtoo..., se:cdpVersion: 124.0.6367.119, setWindowRect: true, strictFileInteractability: false, timeouts: {implicit: 0, pageLoad: 300000, script: 30000}, unhandledPromptBehavior: dismiss and notify, webauthn:extension:credBlob: true, webauthn:extension:largeBlob: true, webauthn:extension:minPinLength: true, webauthn:extension:prf: true, webauthn:virtualAuthenticators: true}
Session ID: b25147da4d93daddf68fb55fb18cea29
at org.openqa.selenium.support.ui.WebDriverWait.timeoutException(WebDriverWait.java:84)
at org.openqa.selenium.support.ui.FluentWait.until(FluentWait.java:228)
at SwimPay.AbstractComponents.abstractComponentsMethods.waitTimeForWebElementListToAppear(abstractComponentsMethods.java:400)
at SwimPay.AbstractComponents.abstractComponentsMethods.otpData(abstractComponentsMethods.java:60)
at SwimPay.positiveTests.profile.changePassword(profile.java:170)
at java.base/java.util.ArrayList.forEach(ArrayList.java:1511)
... Removed 27 stack frames]]>
    </failure>
  </testcase> <!-- changePassword -->
</testsuite> <!-- Test -->
