<?xml version="1.0" encoding="UTF-8"?>
<!-- Generated by org.testng.reporters.JUnitReportReporter -->
<testsuite hostname="C102" failures="0" tests="30" name="SwimPay.positiveTests.Bulk_Payment" time="1539.424" errors="1" timestamp="2024-05-14T18:50:27 IST" skipped="0">
  <testcase classname="SwimPay.positiveTests.Bulk_Payment" name="Bulkpaymentformenu" time="23.064"/>
  <system-out/>
  <testcase classname="SwimPay.positiveTests.Bulk_Payment" name="Referencenumber" time="37.749"/>
  <system-out/>
  <testcase classname="SwimPay.positiveTests.Bulk_Payment" name="FromDateCalendar" time="43.510"/>
  <system-out/>
  <testcase classname="SwimPay.positiveTests.Bulk_Payment" name="StatusField" time="34.487"/>
  <system-out/>
  <testcase classname="SwimPay.positiveTests.Bulk_Payment" name="PageArrowbutton" time="26.257"/>
  <system-out/>
  <testcase classname="SwimPay.positiveTests.Bulk_Payment" name="SearchButton" time="43.556"/>
  <system-out/>
  <testcase classname="SwimPay.positiveTests.Bulk_Payment" name="ExternalPayment" time="18.933"/>
  <system-out/>
  <testcase classname="SwimPay.positiveTests.Bulk_Payment" name="Amountpay" time="39.113"/>
  <system-out/>
  <testcase classname="SwimPay.positiveTests.Bulk_Payment" name="AlternativeCurrencyOpt" time="91.462"/>
  <system-out/>
  <testcase classname="SwimPay.positiveTests.Bulk_Payment" name="GetRate" time="51.508"/>
  <system-out/>
  <testcase classname="SwimPay.positiveTests.Bulk_Payment" name="Cancel" time="60.763"/>
  <system-out/>
  <testcase classname="SwimPay.positiveTests.Bulk_Payment" name="Accpect" time="60.336"/>
  <system-out/>
  <testcase classname="SwimPay.positiveTests.Bulk_Payment" name="mandatoryreference" time="66.645"/>
  <system-out/>
  <testcase classname="SwimPay.positiveTests.Bulk_Payment" name="ReasonCode" time="84.548"/>
  <system-out/>
  <testcase classname="SwimPay.positiveTests.Bulk_Payment" name="Multipay" time="79.882"/>
  <system-out/>
  <testcase classname="SwimPay.positiveTests.Bulk_Payment" name="MultipayAmount" time="104.297"/>
  <system-out/>
  <testcase classname="SwimPay.positiveTests.Bulk_Payment" name="PaynowCalncel" time="75.363"/>
  <system-out/>
  <testcase classname="SwimPay.positiveTests.Bulk_Payment" name="PaynowVerify" time="71.443"/>
  <system-out/>
  <testcase classname="SwimPay.positiveTests.Bulk_Payment" name="PayLetter" time="69.394"/>
  <system-out/>
  <testcase classname="SwimPay.positiveTests.Bulk_Payment" name="Pay" time="78.194"/>
  <system-out/>
  <testcase classname="SwimPay.positiveTests.Bulk_Payment" name="cancelbutton" time="78.939">
    <error message="no such element: Unable to locate element: {&quot;method&quot;:&quot;xpath&quot;,&quot;selector&quot;:&quot;//*[@class=&#039;css-smhx3&#039;]/div[1]&quot;}
  (Session info: chrome=124.0.6367.208)
For documentation on this error, please visit: https://www.selenium.dev/documentation/webdriver/troubleshooting/errors#no-such-element-exception
Build info: version: &#039;4.20.0&#039;, revision: &#039;866c76ca80&#039;
System info: os.name: &#039;Windows 10&#039;, os.arch: &#039;amd64&#039;, os.version: &#039;10.0&#039;, java.version: &#039;17.0.10&#039;
Driver info: org.openqa.selenium.chrome.ChromeDriver
Command: [e59f4c26921c06a5bfce4d975fbfbfe8, findElement {using=xpath, value=//*[@class=&#039;css-smhx3&#039;]/div[1]}]
Capabilities {acceptInsecureCerts: false, browserName: chrome, browserVersion: 124.0.6367.208, chrome: {chromedriverVersion: 124.0.6367.207 (a9001a6e39f..., userDataDir: C:\Users\pgargi\AppData\Loc...}, fedcm:accounts: true, goog:chromeOptions: {debuggerAddress: localhost:64555}, networkConnectionEnabled: false, pageLoadStrategy: normal, platformName: windows, proxy: Proxy(), se:cdp: ws://localhost:64555/devtoo..., se:cdpVersion: 124.0.6367.208, setWindowRect: true, strictFileInteractability: false, timeouts: {implicit: 0, pageLoad: 300000, script: 30000}, unhandledPromptBehavior: dismiss and notify, webauthn:extension:credBlob: true, webauthn:extension:largeBlob: true, webauthn:extension:minPinLength: true, webauthn:extension:prf: true, webauthn:virtualAuthenticators: true}
Session ID: e59f4c26921c06a5bfce4d975fbfbfe8" type="org.openqa.selenium.NoSuchElementException">
      <![CDATA[org.openqa.selenium.NoSuchElementException: no such element: Unable to locate element: {"method":"xpath","selector":"//*[@class='css-smhx3']/div[1]"}
  (Session info: chrome=124.0.6367.208)
For documentation on this error, please visit: https://www.selenium.dev/documentation/webdriver/troubleshooting/errors#no-such-element-exception
Build info: version: '4.20.0', revision: '866c76ca80'
System info: os.name: 'Windows 10', os.arch: 'amd64', os.version: '10.0', java.version: '17.0.10'
Driver info: org.openqa.selenium.chrome.ChromeDriver
Command: [e59f4c26921c06a5bfce4d975fbfbfe8, findElement {using=xpath, value=//*[@class='css-smhx3']/div[1]}]
Capabilities {acceptInsecureCerts: false, browserName: chrome, browserVersion: 124.0.6367.208, chrome: {chromedriverVersion: 124.0.6367.207 (a9001a6e39f..., userDataDir: C:\Users\pgargi\AppData\Loc...}, fedcm:accounts: true, goog:chromeOptions: {debuggerAddress: localhost:64555}, networkConnectionEnabled: false, pageLoadStrategy: normal, platformName: windows, proxy: Proxy(), se:cdp: ws://localhost:64555/devtoo..., se:cdpVersion: 124.0.6367.208, setWindowRect: true, strictFileInteractability: false, timeouts: {implicit: 0, pageLoad: 300000, script: 30000}, unhandledPromptBehavior: dismiss and notify, webauthn:extension:credBlob: true, webauthn:extension:largeBlob: true, webauthn:extension:minPinLength: true, webauthn:extension:prf: true, webauthn:virtualAuthenticators: true}
Session ID: e59f4c26921c06a5bfce4d975fbfbfe8
at java.base/jdk.internal.reflect.NativeConstructorAccessorImpl.newInstance0(Native Method)
at java.base/jdk.internal.reflect.NativeConstructorAccessorImpl.newInstance(NativeConstructorAccessorImpl.java:77)
at java.base/jdk.internal.reflect.DelegatingConstructorAccessorImpl.newInstance(DelegatingConstructorAccessorImpl.java:45)
at java.base/java.lang.reflect.Constructor.newInstanceWithCaller(Constructor.java:499)
at java.base/java.lang.reflect.Constructor.newInstance(Constructor.java:480)
at org.openqa.selenium.remote.ErrorCodec.decode(ErrorCodec.java:167)
at org.openqa.selenium.remote.codec.w3c.W3CHttpResponseCodec.decode(W3CHttpResponseCodec.java:138)
at org.openqa.selenium.remote.codec.w3c.W3CHttpResponseCodec.decode(W3CHttpResponseCodec.java:50)
at org.openqa.selenium.remote.HttpCommandExecutor.execute(HttpCommandExecutor.java:190)
at org.openqa.selenium.remote.service.DriverCommandExecutor.invokeExecute(DriverCommandExecutor.java:216)
at org.openqa.selenium.remote.service.DriverCommandExecutor.execute(DriverCommandExecutor.java:174)
at org.openqa.selenium.remote.RemoteWebDriver.execute(RemoteWebDriver.java:518)
at org.openqa.selenium.remote.ElementLocation$ElementFinder$2.findElement(ElementLocation.java:165)
at org.openqa.selenium.remote.ElementLocation.findElement(ElementLocation.java:59)
at org.openqa.selenium.remote.RemoteWebDriver.findElement(RemoteWebDriver.java:355)
at org.openqa.selenium.remote.RemoteWebDriver.findElement(RemoteWebDriver.java:349)
at org.openqa.selenium.support.pagefactory.DefaultElementLocator.findElement(DefaultElementLocator.java:68)
at org.openqa.selenium.support.pagefactory.internal.LocatingElementHandler.invoke(LocatingElementHandler.java:38)
at jdk.proxy2/jdk.proxy2.$Proxy14.click(Unknown Source)
at SwimPay.pageObject.BulkPaymentPage.Cancel_button(BulkPaymentPage.java:502)
at SwimPay.positiveTests.Bulk_Payment.cancelbutton(Bulk_Payment.java:438)
at java.base/jdk.internal.reflect.NativeMethodAccessorImpl.invoke0(Native Method)
at java.base/jdk.internal.reflect.NativeMethodAccessorImpl.invoke(NativeMethodAccessorImpl.java:77)
at java.base/jdk.internal.reflect.DelegatingMethodAccessorImpl.invoke(DelegatingMethodAccessorImpl.java:43)
at java.base/java.lang.reflect.Method.invoke(Method.java:568)
at org.testng.internal.MethodInvocationHelper.invokeMethod(MethodInvocationHelper.java:133)
at org.testng.internal.TestInvoker.invokeMethod(TestInvoker.java:598)
at org.testng.internal.TestInvoker.invokeTestMethod(TestInvoker.java:173)
at org.testng.internal.MethodRunner.runInSequence(MethodRunner.java:46)
at org.testng.internal.TestInvoker$MethodInvocationAgent.invoke(TestInvoker.java:824)
at org.testng.internal.TestInvoker.invokeTestMethods(TestInvoker.java:146)
at org.testng.internal.TestMethodWorker.invokeTestMethods(TestMethodWorker.java:146)
at org.testng.internal.TestMethodWorker.run(TestMethodWorker.java:128)
at java.base/java.util.ArrayList.forEach(ArrayList.java:1511)
at org.testng.TestRunner.privateRun(TestRunner.java:794)
at org.testng.TestRunner.run(TestRunner.java:596)
at org.testng.SuiteRunner.runTest(SuiteRunner.java:377)
at org.testng.SuiteRunner.runSequentially(SuiteRunner.java:371)
at org.testng.SuiteRunner.privateRun(SuiteRunner.java:332)
at org.testng.SuiteRunner.run(SuiteRunner.java:276)
at org.testng.SuiteRunnerWorker.runSuite(SuiteRunnerWorker.java:53)
at org.testng.SuiteRunnerWorker.run(SuiteRunnerWorker.java:96)
at org.testng.TestNG.runSuitesSequentially(TestNG.java:1212)
at org.testng.TestNG.runSuitesLocally(TestNG.java:1134)
at org.testng.TestNG.runSuites(TestNG.java:1063)
at org.testng.TestNG.run(TestNG.java:1031)
at org.testng.remote.AbstractRemoteTestNG.run(AbstractRemoteTestNG.java:115)
at org.testng.remote.RemoteTestNG.initAndRun(RemoteTestNG.java:293)
at org.testng.remote.RemoteTestNG.main(RemoteTestNG.java:91)
]]>
    </error>
  </testcase> <!-- cancelbutton -->
  <system-out/>
  <testcase classname="SwimPay.positiveTests.Bulk_Payment" name="WalletToWalletPaymentopt" time="20.962"/>
  <system-out/>
  <testcase classname="SwimPay.positiveTests.Bulk_Payment" name="Click_Paymentcurrency_bulkpayment" time="24.710"/>
  <system-out/>
  <testcase classname="SwimPay.positiveTests.Bulk_Payment" name="Enter_AmountPay_bulk_paymentPage" time="45.249"/>
  <system-out/>
  <testcase classname="SwimPay.positiveTests.Bulk_Payment" name="Enter_Mandatoryreference_bulkpaymentpage" time="34.568"/>
  <system-out/>
  <testcase classname="SwimPay.positiveTests.Bulk_Payment" name="Click_referenceCode_bulkpaymentpage" time="32.630"/>
  <system-out/>
  <testcase classname="SwimPay.positiveTests.Bulk_Payment" name="PayInbtn_walletTowalletPayemts" time="37.329"/>
  <system-out/>
  <testcase classname="SwimPay.positiveTests.Bulk_Payment" name="PayInCancelbutton_For_walletTowalletpayments" time="37.235"/>
  <system-out/>
  <testcase classname="SwimPay.positiveTests.Bulk_Payment" name="PayLaterButton1For_walletTowalletpayments" time="33.495"/>
  <system-out/>
  <testcase classname="SwimPay.positiveTests.Bulk_Payment" name="Cancelbutton_For_walletTowalletpayments" time="33.803"/>
  <system-out/>
</testsuite> <!-- SwimPay.positiveTests.Bulk_Payment -->
