<?xml version="1.0" encoding="UTF-8"?>
<!-- Generated by org.testng.reporters.JUnitReportReporter -->
<testsuite hostname="C102" failures="0" tests="12" name="SwimPay.negativeTests.NegativeInvoicingTest" time="570.626" errors="1" timestamp="2024-05-06T16:26:55 IST" skipped="0">
  <testcase classname="SwimPay.negativeTests.NegativeInvoicingTest" name="UploadPDFDocument" time="47.771"/>
  <system-out/>
  <testcase classname="SwimPay.negativeTests.NegativeInvoicingTest" name="UploadDOCDocument" time="47.576"/>
  <system-out/>
  <testcase classname="SwimPay.negativeTests.NegativeInvoicingTest" name="UploadCSVDocument" time="47.197"/>
  <system-out/>
  <testcase classname="SwimPay.negativeTests.NegativeInvoicingTest" name="ClickOnUpdateLogoButtonInInstructionSubmenu" time="45.258"/>
  <system-out/>
  <testcase classname="SwimPay.negativeTests.NegativeInvoicingTest" name="CreateAnInvoiceForSwimPayCustomer" time="23.286"/>
  <system-out/>
  <testcase classname="SwimPay.negativeTests.NegativeInvoicingTest" name="InsertInvalidDate" time="30.348"/>
  <system-out/>
  <testcase classname="SwimPay.negativeTests.NegativeInvoicingTest" name="CreateAnInvoiceForSwimPayCustomerwithInvalidCustomerName" time="34.979"/>
  <system-out/>
  <testcase classname="SwimPay.negativeTests.NegativeInvoicingTest" name="InsertCostAndQuantitydetails" time="75.111"/>
  <system-out/>
  <testcase classname="SwimPay.negativeTests.NegativeInvoicingTest" name="InsertNotes_Discount_Tax_details" time="90.815">
    <error message="element click intercepted: Element &lt;button class=&quot;MuiButtonBase-root Mui-disabled MuiButton-root MuiLoadingButton-root MuiButton-contained MuiButton-containedPrimary MuiButton-sizeMedium MuiButton-containedSizeMedium css-16ba9x&quot; tabindex=&quot;-1&quot; type=&quot;button&quot; id=&quot;:rv:&quot; disabled=&quot;&quot; style=&quot;min-width: 200px;&quot;&gt;...&lt;/button&gt; is not clickable at point (1437, 672). Other element would receive the click: &lt;div class=&quot;d-flex justify-content-end gap-2&quot;&gt;...&lt;/div&gt;
  (Session info: chrome=124.0.6367.119)
Build info: version: &#039;4.20.0&#039;, revision: &#039;866c76ca80&#039;
System info: os.name: &#039;Windows 10&#039;, os.arch: &#039;amd64&#039;, os.version: &#039;10.0&#039;, java.version: &#039;17.0.10&#039;
Driver info: org.openqa.selenium.chrome.ChromeDriver
Command: [517c97e185e0bbdc29186907afc6eda5, clickElement {id=f.B10393C27C24E8AF5AE18EC70931F3FA.d.75023816EBF3304B3E373816C8216EA3.e.464}]
Capabilities {acceptInsecureCerts: false, browserName: chrome, browserVersion: 124.0.6367.119, chrome: {chromedriverVersion: 124.0.6367.91 (51df0e5e17a8..., userDataDir: C:\Users\pgargi\AppData\Loc...}, fedcm:accounts: true, goog:chromeOptions: {debuggerAddress: localhost:56936}, networkConnectionEnabled: false, pageLoadStrategy: normal, platformName: windows, proxy: Proxy(), se:cdp: ws://localhost:56936/devtoo..., se:cdpVersion: 124.0.6367.119, setWindowRect: true, strictFileInteractability: false, timeouts: {implicit: 0, pageLoad: 300000, script: 30000}, unhandledPromptBehavior: dismiss and notify, webauthn:extension:credBlob: true, webauthn:extension:largeBlob: true, webauthn:extension:minPinLength: true, webauthn:extension:prf: true, webauthn:virtualAuthenticators: true}
Element: [[ChromeDriver: chrome on windows (517c97e185e0bbdc29186907afc6eda5)] -&gt; xpath: //*[@type=&#039;button&#039;]]
Session ID: 517c97e185e0bbdc29186907afc6eda5" type="org.openqa.selenium.ElementClickInterceptedException">
      <![CDATA[org.openqa.selenium.ElementClickInterceptedException: element click intercepted: Element <button class="MuiButtonBase-root Mui-disabled MuiButton-root MuiLoadingButton-root MuiButton-contained MuiButton-containedPrimary MuiButton-sizeMedium MuiButton-containedSizeMedium css-16ba9x" tabindex="-1" type="button" id=":rv:" disabled="" style="min-width: 200px;">...</button> is not clickable at point (1437, 672). Other element would receive the click: <div class="d-flex justify-content-end gap-2">...</div>
  (Session info: chrome=124.0.6367.119)
Build info: version: '4.20.0', revision: '866c76ca80'
System info: os.name: 'Windows 10', os.arch: 'amd64', os.version: '10.0', java.version: '17.0.10'
Driver info: org.openqa.selenium.chrome.ChromeDriver
Command: [517c97e185e0bbdc29186907afc6eda5, clickElement {id=f.B10393C27C24E8AF5AE18EC70931F3FA.d.75023816EBF3304B3E373816C8216EA3.e.464}]
Capabilities {acceptInsecureCerts: false, browserName: chrome, browserVersion: 124.0.6367.119, chrome: {chromedriverVersion: 124.0.6367.91 (51df0e5e17a8..., userDataDir: C:\Users\pgargi\AppData\Loc...}, fedcm:accounts: true, goog:chromeOptions: {debuggerAddress: localhost:56936}, networkConnectionEnabled: false, pageLoadStrategy: normal, platformName: windows, proxy: Proxy(), se:cdp: ws://localhost:56936/devtoo..., se:cdpVersion: 124.0.6367.119, setWindowRect: true, strictFileInteractability: false, timeouts: {implicit: 0, pageLoad: 300000, script: 30000}, unhandledPromptBehavior: dismiss and notify, webauthn:extension:credBlob: true, webauthn:extension:largeBlob: true, webauthn:extension:minPinLength: true, webauthn:extension:prf: true, webauthn:virtualAuthenticators: true}
Element: [[ChromeDriver: chrome on windows (517c97e185e0bbdc29186907afc6eda5)] -> xpath: //*[@type='button']]
Session ID: 517c97e185e0bbdc29186907afc6eda5
at java.base/jdk.internal.reflect.NativeConstructorAccessorImpl.newInstance0(Native Method)
at java.base/jdk.internal.reflect.NativeConstructorAccessorImpl.newInstance(NativeConstructorAccessorImpl.java:77)
at java.base/jdk.internal.reflect.DelegatingConstructorAccessorImpl.newInstance(DelegatingConstructorAccessorImpl.java:45)
at java.base/java.lang.reflect.Constructor.newInstanceWithCaller(Constructor.java:499)
at java.base/java.lang.reflect.Constructor.newInstance(Constructor.java:480)
at org.openqa.selenium.remote.ErrorCodec.decode(ErrorCodec.java:167)
at org.openqa.selenium.remote.codec.w3c.W3CHttpResponseCodec.decode(W3CHttpResponseCodec.java:138)
at org.openqa.selenium.remote.codec.w3c.W3CHttpResponseCodec.decode(W3CHttpResponseCodec.java:50)
at org.openqa.selenium.remote.HttpCommandExecutor.execute(HttpCommandExecutor.java:190)
at org.openqa.selenium.remote.service.DriverCommandExecutor.invokeExecute(DriverCommandExecutor.java:216)
at org.openqa.selenium.remote.service.DriverCommandExecutor.execute(DriverCommandExecutor.java:174)
at org.openqa.selenium.remote.RemoteWebDriver.execute(RemoteWebDriver.java:518)
at org.openqa.selenium.remote.RemoteWebElement.execute(RemoteWebElement.java:223)
at org.openqa.selenium.remote.RemoteWebElement.click(RemoteWebElement.java:76)
at SwimPay.pageObject.InvoicingPage.ClickButton(InvoicingPage.java:107)
at SwimPay.negativeTests.NegativeInvoicingTest.InsertNotes_Discount_Tax_details(NegativeInvoicingTest.java:262)
at java.base/jdk.internal.reflect.NativeMethodAccessorImpl.invoke0(Native Method)
at java.base/jdk.internal.reflect.NativeMethodAccessorImpl.invoke(NativeMethodAccessorImpl.java:77)
at java.base/jdk.internal.reflect.DelegatingMethodAccessorImpl.invoke(DelegatingMethodAccessorImpl.java:43)
at java.base/java.lang.reflect.Method.invoke(Method.java:568)
at org.testng.internal.MethodInvocationHelper.invokeMethod(MethodInvocationHelper.java:133)
at org.testng.internal.TestInvoker.invokeMethod(TestInvoker.java:598)
at org.testng.internal.TestInvoker.invokeTestMethod(TestInvoker.java:173)
at org.testng.internal.MethodRunner.runInSequence(MethodRunner.java:46)
at org.testng.internal.TestInvoker$MethodInvocationAgent.invoke(TestInvoker.java:824)
at org.testng.internal.TestInvoker.invokeTestMethods(TestInvoker.java:146)
at org.testng.internal.TestMethodWorker.invokeTestMethods(TestMethodWorker.java:146)
at org.testng.internal.TestMethodWorker.run(TestMethodWorker.java:128)
at java.base/java.util.ArrayList.forEach(ArrayList.java:1511)
at org.testng.TestRunner.privateRun(TestRunner.java:794)
at org.testng.TestRunner.run(TestRunner.java:596)
at org.testng.SuiteRunner.runTest(SuiteRunner.java:377)
at org.testng.SuiteRunner.runSequentially(SuiteRunner.java:371)
at org.testng.SuiteRunner.privateRun(SuiteRunner.java:332)
at org.testng.SuiteRunner.run(SuiteRunner.java:276)
at org.testng.SuiteRunnerWorker.runSuite(SuiteRunnerWorker.java:53)
at org.testng.SuiteRunnerWorker.run(SuiteRunnerWorker.java:96)
at org.testng.TestNG.runSuitesSequentially(TestNG.java:1212)
at org.testng.TestNG.runSuitesLocally(TestNG.java:1134)
at org.testng.TestNG.runSuites(TestNG.java:1063)
at org.testng.TestNG.run(TestNG.java:1031)
at org.testng.remote.AbstractRemoteTestNG.run(AbstractRemoteTestNG.java:115)
at org.testng.remote.RemoteTestNG.initAndRun(RemoteTestNG.java:293)
at org.testng.remote.RemoteTestNG.main(RemoteTestNG.java:91)
]]>
    </error>
  </testcase> <!-- InsertNotes_Discount_Tax_details -->
  <system-out/>
  <testcase classname="SwimPay.negativeTests.NegativeInvoicingTest" name="InsertInvalidDetailsAndVerifySearchBtnIsEnabled" time="38.342"/>
  <system-out/>
  <testcase classname="SwimPay.negativeTests.NegativeInvoicingTest" name="InsertInvalidDatesInFromField" time="45.480"/>
  <system-out/>
  <testcase classname="SwimPay.negativeTests.NegativeInvoicingTest" name="InsertInvalidDatesInToField" time="44.463"/>
  <system-out/>
</testsuite> <!-- SwimPay.negativeTests.NegativeInvoicingTest -->
