<?xml version="1.0" encoding="UTF-8"?>
<!-- Generated by org.testng.reporters.JUnitReportReporter -->
<testsuite hostname="C100-189s-iMac.local" failures="0" tests="20" name="SwimPay.positiveTests.recipient_payee" time="299.832" errors="2" timestamp="2023-12-06T12:36:45 IST" skipped="18">
  <testcase classname="SwimPay.positiveTests.recipient_payee" name="AddNew_RecipientPayeeBankAccountDetail_Submit" time="17.409">
    <error message="no such element: Unable to locate element: {&quot;method&quot;:&quot;css selector&quot;,&quot;selector&quot;:&quot;#inputPassword&quot;}
  (Session info: chrome=119.0.6045.199)
For documentation on this error, please visit: https://selenium.dev/exceptions/#no_such_element
Build info: version: &#039;4.9.1&#039;, revision: &#039;eb2032df7f&#039;
System info: os.name: &#039;Mac OS X&#039;, os.arch: &#039;x86_64&#039;, os.version: &#039;11.0.1&#039;, java.version: &#039;17.0.5&#039;
Driver info: org.openqa.selenium.chrome.ChromeDriver
Command: [5aa6416c4b9e7d03954cdb8250a009e0, findElement {using=id, value=inputPassword}]
Capabilities {acceptInsecureCerts: false, browserName: chrome, browserVersion: 119.0.6045.199, chrome: {chromedriverVersion: 119.0.6045.105 (38c72552c5e..., userDataDir: /var/folders/66/5h9p119j30z...}, fedcm:accounts: true, goog:chromeOptions: {debuggerAddress: localhost:63115}, networkConnectionEnabled: false, pageLoadStrategy: normal, platformName: mac, proxy: Proxy(), se:cdp: ws://localhost:63115/devtoo..., se:cdpVersion: 119.0.6045.199, setWindowRect: true, strictFileInteractability: false, timeouts: {implicit: 0, pageLoad: 300000, script: 30000}, unhandledPromptBehavior: dismiss and notify, webauthn:extension:credBlob: true, webauthn:extension:largeBlob: true, webauthn:extension:minPinLength: true, webauthn:extension:prf: true, webauthn:virtualAuthenticators: true}
Session ID: 5aa6416c4b9e7d03954cdb8250a009e0" type="org.openqa.selenium.NoSuchElementException">
      <![CDATA[org.openqa.selenium.NoSuchElementException: no such element: Unable to locate element: {"method":"css selector","selector":"#inputPassword"}
  (Session info: chrome=119.0.6045.199)
For documentation on this error, please visit: https://selenium.dev/exceptions/#no_such_element
Build info: version: '4.9.1', revision: 'eb2032df7f'
System info: os.name: 'Mac OS X', os.arch: 'x86_64', os.version: '11.0.1', java.version: '17.0.5'
Driver info: org.openqa.selenium.chrome.ChromeDriver
Command: [5aa6416c4b9e7d03954cdb8250a009e0, findElement {using=id, value=inputPassword}]
Capabilities {acceptInsecureCerts: false, browserName: chrome, browserVersion: 119.0.6045.199, chrome: {chromedriverVersion: 119.0.6045.105 (38c72552c5e..., userDataDir: /var/folders/66/5h9p119j30z...}, fedcm:accounts: true, goog:chromeOptions: {debuggerAddress: localhost:63115}, networkConnectionEnabled: false, pageLoadStrategy: normal, platformName: mac, proxy: Proxy(), se:cdp: ws://localhost:63115/devtoo..., se:cdpVersion: 119.0.6045.199, setWindowRect: true, strictFileInteractability: false, timeouts: {implicit: 0, pageLoad: 300000, script: 30000}, unhandledPromptBehavior: dismiss and notify, webauthn:extension:credBlob: true, webauthn:extension:largeBlob: true, webauthn:extension:minPinLength: true, webauthn:extension:prf: true, webauthn:virtualAuthenticators: true}
Session ID: 5aa6416c4b9e7d03954cdb8250a009e0
at java.base/jdk.internal.reflect.NativeConstructorAccessorImpl.newInstance0(Native Method)
at java.base/jdk.internal.reflect.NativeConstructorAccessorImpl.newInstance(NativeConstructorAccessorImpl.java:77)
at java.base/jdk.internal.reflect.DelegatingConstructorAccessorImpl.newInstance(DelegatingConstructorAccessorImpl.java:45)
at java.base/java.lang.reflect.Constructor.newInstanceWithCaller(Constructor.java:499)
at java.base/java.lang.reflect.Constructor.newInstance(Constructor.java:480)
at org.openqa.selenium.remote.codec.w3c.W3CHttpResponseCodec.createException(W3CHttpResponseCodec.java:200)
at org.openqa.selenium.remote.codec.w3c.W3CHttpResponseCodec.decode(W3CHttpResponseCodec.java:133)
at org.openqa.selenium.remote.codec.w3c.W3CHttpResponseCodec.decode(W3CHttpResponseCodec.java:53)
at org.openqa.selenium.remote.HttpCommandExecutor.execute(HttpCommandExecutor.java:193)
at org.openqa.selenium.remote.service.DriverCommandExecutor.invokeExecute(DriverCommandExecutor.java:183)
at org.openqa.selenium.remote.service.DriverCommandExecutor.execute(DriverCommandExecutor.java:158)
at org.openqa.selenium.remote.RemoteWebDriver.execute(RemoteWebDriver.java:543)
at org.openqa.selenium.remote.ElementLocation$ElementFinder$2.findElement(ElementLocation.java:162)
at org.openqa.selenium.remote.ElementLocation.findElement(ElementLocation.java:60)
at org.openqa.selenium.remote.RemoteWebDriver.findElement(RemoteWebDriver.java:352)
at org.openqa.selenium.remote.RemoteWebDriver.findElement(RemoteWebDriver.java:344)
at org.openqa.selenium.support.pagefactory.DefaultElementLocator.findElement(DefaultElementLocator.java:70)
at org.openqa.selenium.support.pagefactory.internal.LocatingElementHandler.invoke(LocatingElementHandler.java:39)
at jdk.proxy2/jdk.proxy2.$Proxy16.sendKeys(Unknown Source)
at SwimPay.pageObject.loginPage.userPassword(loginPage.java:85)
at SwimPay.positiveTests.recipient_payee.AddNew_RecipientPayeeBankAccountDetail_Submit(recipient_payee.java:67)
at java.base/jdk.internal.reflect.NativeMethodAccessorImpl.invoke0(Native Method)
at java.base/jdk.internal.reflect.NativeMethodAccessorImpl.invoke(NativeMethodAccessorImpl.java:77)
at java.base/jdk.internal.reflect.DelegatingMethodAccessorImpl.invoke(DelegatingMethodAccessorImpl.java:43)
at java.base/java.lang.reflect.Method.invoke(Method.java:568)
at org.testng.internal.invokers.MethodInvocationHelper.invokeMethod(MethodInvocationHelper.java:139)
at org.testng.internal.invokers.TestInvoker.invokeMethod(TestInvoker.java:677)
at org.testng.internal.invokers.TestInvoker.invokeTestMethod(TestInvoker.java:221)
at org.testng.internal.invokers.MethodRunner.runInSequence(MethodRunner.java:50)
at org.testng.internal.invokers.TestInvoker$MethodInvocationAgent.invoke(TestInvoker.java:962)
at org.testng.internal.invokers.TestInvoker.invokeTestMethods(TestInvoker.java:194)
at org.testng.internal.invokers.TestMethodWorker.invokeTestMethods(TestMethodWorker.java:148)
at org.testng.internal.invokers.TestMethodWorker.run(TestMethodWorker.java:128)
at java.base/java.util.ArrayList.forEach(ArrayList.java:1511)
at org.testng.TestRunner.privateRun(TestRunner.java:806)
at org.testng.TestRunner.run(TestRunner.java:601)
at org.testng.SuiteRunner.runTest(SuiteRunner.java:433)
at org.testng.SuiteRunner.runSequentially(SuiteRunner.java:427)
at org.testng.SuiteRunner.privateRun(SuiteRunner.java:387)
at org.testng.SuiteRunner.run(SuiteRunner.java:330)
at org.testng.SuiteRunnerWorker.runSuite(SuiteRunnerWorker.java:52)
at org.testng.SuiteRunnerWorker.run(SuiteRunnerWorker.java:95)
at org.testng.TestNG.runSuitesSequentially(TestNG.java:1256)
at org.testng.TestNG.runSuitesLocally(TestNG.java:1176)
at org.testng.TestNG.runSuites(TestNG.java:1099)
at org.testng.TestNG.run(TestNG.java:1067)
at org.testng.remote.AbstractRemoteTestNG.run(AbstractRemoteTestNG.java:115)
at org.testng.remote.RemoteTestNG.initAndRun(RemoteTestNG.java:251)
at org.testng.remote.RemoteTestNG.main(RemoteTestNG.java:77)
]]>
    </error>
  </testcase> <!-- AddNew_RecipientPayeeBankAccountDetail_Submit -->
  <system-out/>
  <testcase classname="SwimPay.positiveTests.recipient_payee" name="clickPayButton_fromRecipientPayeeDataList_andCompletePayment" time="72.510">
    <skipped/>
  </testcase> <!-- clickPayButton_fromRecipientPayeeDataList_andCompletePayment -->
  <system-out/>
  <testcase classname="SwimPay.positiveTests.recipient_payee" name="clickEditButton_forSwimPayWalletUser_fromRecipientPayeeDataList_andUpdateWithSelectingNonSwimpayWalletUser" time="5.994">
    <skipped/>
  </testcase> <!-- clickEditButton_forSwimPayWalletUser_fromRecipientPayeeDataList_andUpdateWithSelectingNonSwimpayWalletUser -->
  <system-out/>
  <testcase classname="SwimPay.positiveTests.recipient_payee" name="clickRecipient_payeeOpt" time="5.091">
    <skipped/>
  </testcase> <!-- clickRecipient_payeeOpt -->
  <system-out/>
  <testcase classname="SwimPay.positiveTests.recipient_payee" name="clickPayButton_fromRecipientPayeeDataList" time="5.320">
    <skipped/>
  </testcase> <!-- clickPayButton_fromRecipientPayeeDataList -->
  <system-out/>
  <testcase classname="SwimPay.positiveTests.recipient_payee" name="clickCancelBtnAt_RecipientPayeeBankAccountDetail_page_andYesLeavePage" time="67.685">
    <skipped/>
  </testcase> <!-- clickCancelBtnAt_RecipientPayeeBankAccountDetail_page_andYesLeavePage -->
  <system-out/>
  <testcase classname="SwimPay.positiveTests.recipient_payee" name="tearDown" time="46.741">
    <error message="Expected condition failed: waiting for element to be clickable: Proxy element for: DefaultElementLocator &#039;By.xpath: //div[@class=&#039;ms-auto&#039;]/i&#039; (tried for 30 second(s) with 500 milliseconds interval)" type="org.openqa.selenium.TimeoutException">
      <![CDATA[org.openqa.selenium.TimeoutException: Expected condition failed: waiting for element to be clickable: Proxy element for: DefaultElementLocator 'By.xpath: //div[@class='ms-auto']/i' (tried for 30 second(s) with 500 milliseconds interval)
at org.openqa.selenium.support.ui.WebDriverWait.timeoutException(WebDriverWait.java:87)
at org.openqa.selenium.support.ui.FluentWait.until(FluentWait.java:231)
at SwimPay.AbstractComponents.abstractComponentsMethods.waitTimeForElementToClickable(abstractComponentsMethods.java:376)
at SwimPay.AbstractComponents.abstractComponentsMethods.logout(abstractComponentsMethods.java:351)
at SwimPay.testComponents.baseClass.tearDown(baseClass.java:54)
at java.base/jdk.internal.reflect.NativeMethodAccessorImpl.invoke0(Native Method)
at java.base/jdk.internal.reflect.NativeMethodAccessorImpl.invoke(NativeMethodAccessorImpl.java:77)
at java.base/jdk.internal.reflect.DelegatingMethodAccessorImpl.invoke(DelegatingMethodAccessorImpl.java:43)
at java.base/java.lang.reflect.Method.invoke(Method.java:568)
at org.testng.internal.invokers.MethodInvocationHelper.invokeMethod(MethodInvocationHelper.java:139)
at org.testng.internal.invokers.MethodInvocationHelper.invokeMethodConsideringTimeout(MethodInvocationHelper.java:69)
at org.testng.internal.invokers.ConfigInvoker.invokeConfigurationMethod(ConfigInvoker.java:361)
at org.testng.internal.invokers.ConfigInvoker.invokeConfigurations(ConfigInvoker.java:296)
at org.testng.internal.invokers.TestInvoker.runConfigMethods(TestInvoker.java:816)
at org.testng.internal.invokers.TestInvoker.runAfterConfigurations(TestInvoker.java:785)
at org.testng.internal.invokers.TestInvoker.invokeMethod(TestInvoker.java:761)
at org.testng.internal.invokers.TestInvoker.invokeTestMethod(TestInvoker.java:221)
at org.testng.internal.invokers.MethodRunner.runInSequence(MethodRunner.java:50)
at org.testng.internal.invokers.TestInvoker$MethodInvocationAgent.invoke(TestInvoker.java:962)
at org.testng.internal.invokers.TestInvoker.invokeTestMethods(TestInvoker.java:194)
at org.testng.internal.invokers.TestMethodWorker.invokeTestMethods(TestMethodWorker.java:148)
at org.testng.internal.invokers.TestMethodWorker.run(TestMethodWorker.java:128)
at java.base/java.util.ArrayList.forEach(ArrayList.java:1511)
at org.testng.TestRunner.privateRun(TestRunner.java:806)
at org.testng.TestRunner.run(TestRunner.java:601)
at org.testng.SuiteRunner.runTest(SuiteRunner.java:433)
at org.testng.SuiteRunner.runSequentially(SuiteRunner.java:427)
at org.testng.SuiteRunner.privateRun(SuiteRunner.java:387)
at org.testng.SuiteRunner.run(SuiteRunner.java:330)
at org.testng.SuiteRunnerWorker.runSuite(SuiteRunnerWorker.java:52)
at org.testng.SuiteRunnerWorker.run(SuiteRunnerWorker.java:95)
at org.testng.TestNG.runSuitesSequentially(TestNG.java:1256)
at org.testng.TestNG.runSuitesLocally(TestNG.java:1176)
at org.testng.TestNG.runSuites(TestNG.java:1099)
at org.testng.TestNG.run(TestNG.java:1067)
at org.testng.remote.AbstractRemoteTestNG.run(AbstractRemoteTestNG.java:115)
at org.testng.remote.RemoteTestNG.initAndRun(RemoteTestNG.java:251)
at org.testng.remote.RemoteTestNG.main(RemoteTestNG.java:77)
Caused by: org.openqa.selenium.NoSuchElementException: no such element: Unable to locate element: {"method":"xpath","selector":"//div[@class='ms-auto']/i"}
  (Session info: chrome=119.0.6045.199)
For documentation on this error, please visit: https://selenium.dev/exceptions/#no_such_element
Build info: version: '4.9.1', revision: 'eb2032df7f'
System info: os.name: 'Mac OS X', os.arch: 'x86_64', os.version: '11.0.1', java.version: '17.0.5'
Driver info: org.openqa.selenium.chrome.ChromeDriver
Command: [5aa6416c4b9e7d03954cdb8250a009e0, findElement {using=xpath, value=//div[@class='ms-auto']/i}]
Capabilities {acceptInsecureCerts: false, browserName: chrome, browserVersion: 119.0.6045.199, chrome: {chromedriverVersion: 119.0.6045.105 (38c72552c5e..., userDataDir: /var/folders/66/5h9p119j30z...}, fedcm:accounts: true, goog:chromeOptions: {debuggerAddress: localhost:63115}, networkConnectionEnabled: false, pageLoadStrategy: normal, platformName: mac, proxy: Proxy(), se:cdp: ws://localhost:63115/devtoo..., se:cdpVersion: 119.0.6045.199, setWindowRect: true, strictFileInteractability: false, timeouts: {implicit: 0, pageLoad: 300000, script: 30000}, unhandledPromptBehavior: dismiss and notify, webauthn:extension:credBlob: true, webauthn:extension:largeBlob: true, webauthn:extension:minPinLength: true, webauthn:extension:prf: true, webauthn:virtualAuthenticators: true}
Session ID: 5aa6416c4b9e7d03954cdb8250a009e0
at java.base/jdk.internal.reflect.NativeConstructorAccessorImpl.newInstance0(Native Method)
at java.base/jdk.internal.reflect.NativeConstructorAccessorImpl.newInstance(NativeConstructorAccessorImpl.java:77)
at java.base/jdk.internal.reflect.DelegatingConstructorAccessorImpl.newInstance(DelegatingConstructorAccessorImpl.java:45)
at java.base/java.lang.reflect.Constructor.newInstanceWithCaller(Constructor.java:499)
at java.base/java.lang.reflect.Constructor.newInstance(Constructor.java:480)
at org.openqa.selenium.remote.codec.w3c.W3CHttpResponseCodec.createException(W3CHttpResponseCodec.java:200)
at org.openqa.selenium.remote.codec.w3c.W3CHttpResponseCodec.decode(W3CHttpResponseCodec.java:133)
at org.openqa.selenium.remote.codec.w3c.W3CHttpResponseCodec.decode(W3CHttpResponseCodec.java:53)
at org.openqa.selenium.remote.HttpCommandExecutor.execute(HttpCommandExecutor.java:193)
at org.openqa.selenium.remote.service.DriverCommandExecutor.invokeExecute(DriverCommandExecutor.java:183)
at org.openqa.selenium.remote.service.DriverCommandExecutor.execute(DriverCommandExecutor.java:158)
at org.openqa.selenium.remote.RemoteWebDriver.execute(RemoteWebDriver.java:543)
at org.openqa.selenium.remote.ElementLocation$ElementFinder$2.findElement(ElementLocation.java:162)
at org.openqa.selenium.remote.ElementLocation.findElement(ElementLocation.java:60)
at org.openqa.selenium.remote.RemoteWebDriver.findElement(RemoteWebDriver.java:352)
at org.openqa.selenium.remote.RemoteWebDriver.findElement(RemoteWebDriver.java:344)
at org.openqa.selenium.support.pagefactory.DefaultElementLocator.findElement(DefaultElementLocator.java:70)
at org.openqa.selenium.support.pagefactory.internal.LocatingElementHandler.invoke(LocatingElementHandler.java:39)
at jdk.proxy2/jdk.proxy2.$Proxy16.isDisplayed(Unknown Source)
at org.openqa.selenium.support.ui.ExpectedConditions.elementIfVisible(ExpectedConditions.java:307)
at org.openqa.selenium.support.ui.ExpectedConditions.access$000(ExpectedConditions.java:40)
at org.openqa.selenium.support.ui.ExpectedConditions$10.apply(ExpectedConditions.java:293)
at org.openqa.selenium.support.ui.ExpectedConditions$10.apply(ExpectedConditions.java:290)
at org.openqa.selenium.support.ui.ExpectedConditions$23.apply(ExpectedConditions.java:660)
at org.openqa.selenium.support.ui.ExpectedConditions$23.apply(ExpectedConditions.java:656)
at org.openqa.selenium.support.ui.FluentWait.until(FluentWait.java:208)
... 36 more
]]>
    </error>
  </testcase> <!-- tearDown -->
  <system-out/>
  <testcase classname="SwimPay.positiveTests.recipient_payee" name="AddNew_RecipientPayeeBankAccountDetail_Submit_withNonSupportingCorridor" time="4.733">
    <skipped/>
  </testcase> <!-- AddNew_RecipientPayeeBankAccountDetail_Submit_withNonSupportingCorridor -->
  <system-out/>
  <testcase classname="SwimPay.positiveTests.recipient_payee" name="clickAddNewRecipientPayeeBtn" time="6.588">
    <skipped/>
  </testcase> <!-- clickAddNewRecipientPayeeBtn -->
  <system-out/>
  <testcase classname="SwimPay.positiveTests.recipient_payee" name="clickEditButton_fromRecipientPayeeDataList_andUpdateWithoutChanges" time="6.621">
    <skipped/>
  </testcase> <!-- clickEditButton_fromRecipientPayeeDataList_andUpdateWithoutChanges -->
  <system-out/>
  <testcase classname="SwimPay.positiveTests.recipient_payee" name="AddNew_RecipientPayeeDetailsSubmit" time="5.865">
    <skipped/>
  </testcase> <!-- AddNew_RecipientPayeeDetailsSubmit -->
  <system-out/>
  <testcase classname="SwimPay.positiveTests.recipient_payee" name="clickEditButton_fromRecipientPayeeDataList_andUpdateWithValidChanges" time="6.171">
    <skipped/>
  </testcase> <!-- clickEditButton_fromRecipientPayeeDataList_andUpdateWithValidChanges -->
  <system-out/>
  <testcase classname="SwimPay.positiveTests.recipient_payee" name="AddNew_RecipientPayeeBankAccountDetail_Submit_withIndividualBankType" time="5.125">
    <skipped/>
  </testcase> <!-- AddNew_RecipientPayeeBankAccountDetail_Submit_withIndividualBankType -->
  <system-out/>
  <testcase classname="SwimPay.positiveTests.recipient_payee" name="clickCancelBtnAt_RecipientPayeeBankAccountDetail_page_andDontLeavePage_continueFillform" time="5.831">
    <skipped/>
  </testcase> <!-- clickCancelBtnAt_RecipientPayeeBankAccountDetail_page_andDontLeavePage_continueFillform -->
  <system-out/>
  <testcase classname="SwimPay.positiveTests.recipient_payee" name="AddNew_RecipientPayeeBankAccountDetail_Submit_withRegularPaymentAccountAs_SWIFTOption" time="4.695">
    <skipped/>
  </testcase> <!-- AddNew_RecipientPayeeBankAccountDetail_Submit_withRegularPaymentAccountAs_SWIFTOption -->
  <system-out/>
  <testcase classname="SwimPay.positiveTests.recipient_payee" name="AddNew_RecipientPayeeBankAccountDetail_Submit_withRegularPaymentAccountAs_BSBOption" time="16.274">
    <skipped/>
  </testcase> <!-- AddNew_RecipientPayeeBankAccountDetail_Submit_withRegularPaymentAccountAs_BSBOption -->
  <system-out/>
  <testcase classname="SwimPay.positiveTests.recipient_payee" name="clickEditButton_fromRecipientPayeeDataList" time="5.164">
    <skipped/>
  </testcase> <!-- clickEditButton_fromRecipientPayeeDataList -->
  <system-out/>
  <testcase classname="SwimPay.positiveTests.recipient_payee" name="AddNew_RecipientPayeeBankAccountDetail_Submit_withSwimpayWalletSelectedYes" time="6.907">
    <skipped/>
  </testcase> <!-- AddNew_RecipientPayeeBankAccountDetail_Submit_withSwimpayWalletSelectedYes -->
  <system-out/>
  <testcase classname="SwimPay.positiveTests.recipient_payee" name="clickDeleteButton_fromRecipientPayeeDataList" time="5.107">
    <skipped/>
  </testcase> <!-- clickDeleteButton_fromRecipientPayeeDataList -->
  <system-out/>
  <testcase classname="SwimPay.positiveTests.recipient_payee" name="clickDeleteButton_fromRecipientPayeeDataList_andPerformDeleteAction" time="0.001">
    <skipped/>
  </testcase> <!-- clickDeleteButton_fromRecipientPayeeDataList_andPerformDeleteAction -->
  <system-out/>
</testsuite> <!-- SwimPay.positiveTests.recipient_payee -->
